"../../../Engine/Content/Tutorial/ContentIntroCurve.uasset" 0
"../../../Engine/Content/Tutorial/ContentIntroCurve.uexp" 1
"../../../Engine/Content/VREditor/TransformGizmo/Main.uasset" 2
"../../../Engine/Content/VREditor/TransformGizmo/Main.uexp" 3
"../../../Engine/Content/VREditor/TransformGizmo/Xray.uasset" 4
"../../../Engine/Content/VREditor/TransformGizmo/Xray.uexp" 5
"../../../Engine/Content/VREditor/TransformGizmo/SM_Sequencer_Node.ubulk" 6
"../../../Engine/Content/VREditor/TransformGizmo/SM_Sequencer_Node.uasset" 7
"../../../Engine/Content/VREditor/TransformGizmo/SM_Sequencer_Node.uexp" 8
"../../../Engine/Content/VREditor/LaserPointer/VR_LaserPower_01.ubulk" 9
"../../../Engine/Content/VREditor/LaserPointer/VR_LaserPower_01.uasset" 10
"../../../Engine/Content/VREditor/LaserPointer/VR_LaserPower_01.uexp" 11
"../../../Engine/Content/VREditor/TransformGizmo/TransformGizmoMaterial.uasset" 12
"../../../Engine/Content/VREditor/TransformGizmo/TransformGizmoMaterial.uexp" 13
"../../../Engine/Content/VREditor/TransformGizmo/TranslucentTransformGizmoMaterial.uasset" 14
"../../../Engine/Content/VREditor/TransformGizmo/TranslucentTransformGizmoMaterial.uexp" 15
"../../../Engine/Content/VREditor/TransformGizmo/PlaneTranslationHandle.ubulk" 16
"../../../Engine/Content/VREditor/TransformGizmo/PlaneTranslationHandle.uasset" 17
"../../../Engine/Content/VREditor/TransformGizmo/PlaneTranslationHandle.uexp" 18
"../../../Engine/Content/VREditor/TransformGizmo/BoundingBoxEdge.ubulk" 19
"../../../Engine/Content/VREditor/TransformGizmo/BoundingBoxEdge.uasset" 20
"../../../Engine/Content/VREditor/TransformGizmo/BoundingBoxEdge.uexp" 21
"../../../Engine/Content/VREditor/TransformGizmo/BoundingBoxCorner.ubulk" 22
"../../../Engine/Content/VREditor/TransformGizmo/BoundingBoxCorner.uasset" 23
"../../../Engine/Content/VREditor/TransformGizmo/BoundingBoxCorner.uexp" 24
"../../../Engine/Content/MobileResources/HUD/VirtualJoystick_Background.uasset" 25
"../../../Engine/Content/MobileResources/HUD/VirtualJoystick_Background.uexp" 26
"../../../Engine/Content/MobileResources/HUD/VirtualJoystick_Thumb.uasset" 27
"../../../Engine/Content/MobileResources/HUD/VirtualJoystick_Thumb.uexp" 28
"../../../Engine/Content/MobileResources/HUD/DefaultVirtualJoysticks.uasset" 29
"../../../Engine/Content/MobileResources/HUD/DefaultVirtualJoysticks.uexp" 30
"../../../Engine/Content/Functions/Engine_MaterialFunctions01/Shading/PowerToRoughness.uasset" 31
"../../../Engine/Content/Functions/Engine_MaterialFunctions01/Shading/PowerToRoughness.uexp" 32
"../../../Engine/Content/Functions/Engine_MaterialFunctions01/Shading/ConvertFromDiffSpec.uasset" 33
"../../../Engine/Content/Functions/Engine_MaterialFunctions01/Shading/ConvertFromDiffSpec.uexp" 34
"../../../Engine/Content/EngineSounds/Master.uasset" 35
"../../../Engine/Content/EngineSounds/Master.uexp" 36
"../../../Engine/Content/EngineSky/VolumetricClouds/CloudWeatherTexture.uasset" 37
"../../../Engine/Content/EngineSky/VolumetricClouds/CloudWeatherTexture.uexp" 38
"../../../Engine/Content/Functions/Engine_MaterialFunctions02/Utility/MakeFloat2.uasset" 39
"../../../Engine/Content/Functions/Engine_MaterialFunctions02/Utility/MakeFloat2.uexp" 40
"../../../Engine/Content/EngineSky/VolumetricClouds/CloudGradientTexture.uasset" 41
"../../../Engine/Content/EngineSky/VolumetricClouds/CloudGradientTexture.uexp" 42
"../../../Engine/Content/EngineSky/VolumetricClouds/T_NoiseShape64.ubulk" 43
"../../../Engine/Content/EngineSky/VolumetricClouds/T_NoiseShape64.uasset" 44
"../../../Engine/Content/EngineSky/VolumetricClouds/T_NoiseShape64.uexp" 45
"../../../Engine/Content/EngineSky/VolumetricClouds/T_VolumeNoiseShape64.uasset" 46
"../../../Engine/Content/EngineSky/VolumetricClouds/T_VolumeNoiseShape64.uexp" 47
"../../../Engine/Content/EngineSky/VolumetricClouds/T_NoiseErosion.ubulk" 48
"../../../Engine/Content/EngineSky/VolumetricClouds/T_NoiseErosion.uasset" 49
"../../../Engine/Content/EngineSky/VolumetricClouds/T_NoiseErosion.uexp" 50
"../../../Engine/Content/EngineSky/VolumetricClouds/T_VolumeNoiseErosion32.uasset" 51
"../../../Engine/Content/EngineSky/VolumetricClouds/T_VolumeNoiseErosion32.uexp" 52
"../../../Engine/Content/EngineSky/VolumetricClouds/m_SimpleVolumetricCloud.uasset" 53
"../../../Engine/Content/EngineSky/VolumetricClouds/m_SimpleVolumetricCloud.uexp" 54
"../../../Engine/Content/EngineSky/VolumetricClouds/m_SimpleVolumetricCloud_Inst.uasset" 55
"../../../Engine/Content/EngineSky/VolumetricClouds/m_SimpleVolumetricCloud_Inst.uexp" 56
"../../../Engine/Content/EngineResources/GradientTexture0.uasset" 57
"../../../Engine/Content/EngineResources/GradientTexture0.uexp" 58
"../../../Engine/Content/EngineResources/DefaultVolumeTexture2D.uasset" 59
"../../../Engine/Content/EngineResources/DefaultVolumeTexture2D.uexp" 60
"../../../Engine/Content/EngineResources/DefaultVolumeTexture.uasset" 61
"../../../Engine/Content/EngineResources/DefaultVolumeTexture.uexp" 62
"../../../Engine/Content/EngineResources/DefaultTextureCube.uasset" 63
"../../../Engine/Content/EngineResources/DefaultTextureCube.uexp" 64
"../../../Engine/Content/EngineResources/DefaultTexture.ubulk" 65
"../../../Engine/Content/EngineResources/DefaultTexture.uasset" 66
"../../../Engine/Content/EngineResources/DefaultTexture.uexp" 67
"../../../Engine/Content/EngineResources/Black.uasset" 68
"../../../Engine/Content/EngineResources/Black.uexp" 69
"../../../Engine/Content/EngineResources/FilmGrains/Marcie_Grain_v3_128_M2_000.uasset" 70
"../../../Engine/Content/EngineResources/FilmGrains/Marcie_Grain_v3_128_M2_000.uexp" 71
"../../../Engine/Content/EngineMeshes/Sphere.ubulk" 72
"../../../Engine/Content/EngineMeshes/Sphere.uasset" 73
"../../../Engine/Content/EngineMeshes/Sphere.uexp" 74
"../../../Engine/Content/EngineResources/WhiteSquareTexture.uasset" 75
"../../../Engine/Content/EngineResources/WhiteSquareTexture.uexp" 76
"../../../Engine/Content/EngineMaterials/Widget3DPassThrough.uasset" 77
"../../../Engine/Content/EngineMaterials/Widget3DPassThrough.uexp" 78
"../../../Engine/Content/EngineMaterials/Widget3DPassThrough_Translucent.uasset" 79
"../../../Engine/Content/EngineMaterials/Widget3DPassThrough_Translucent.uexp" 80
"../../../Engine/Content/EngineMaterials/Widget3DPassThrough_Translucent_OneSided.uasset" 81
"../../../Engine/Content/EngineMaterials/Widget3DPassThrough_Translucent_OneSided.uexp" 82
"../../../Engine/Content/EngineMaterials/Widget3DPassThrough_Opaque.uasset" 83
"../../../Engine/Content/EngineMaterials/Widget3DPassThrough_Opaque.uexp" 84
"../../../Engine/Content/EngineMaterials/Widget3DPassThrough_Opaque_OneSided.uasset" 85
"../../../Engine/Content/EngineMaterials/Widget3DPassThrough_Opaque_OneSided.uexp" 86
"../../../Engine/Content/EngineMaterials/Widget3DPassThrough_Masked_OneSided.uasset" 87
"../../../Engine/Content/EngineMaterials/Widget3DPassThrough_Masked_OneSided.uexp" 88
"../../../Engine/Content/EngineMaterials/Widget3DPassThrough_Masked.uasset" 89
"../../../Engine/Content/EngineMaterials/Widget3DPassThrough_Masked.uexp" 90
"../../../Engine/Content/EngineMaterials/WeightMapPlaceholderTexture.uasset" 91
"../../../Engine/Content/EngineMaterials/WeightMapPlaceholderTexture.uexp" 92
"../../../Engine/Content/EngineMaterials/RemoveSurfaceMaterial.uasset" 93
"../../../Engine/Content/EngineMaterials/RemoveSurfaceMaterial.uexp" 94
"../../../Engine/Content/EngineMaterials/PreintegratedSkinBRDF.uasset" 95
"../../../Engine/Content/EngineMaterials/PreintegratedSkinBRDF.uexp" 96
"../../../Engine/Content/EngineMaterials/DefaultCalibrationGrayscale.uasset" 97
"../../../Engine/Content/EngineMaterials/DefaultCalibrationGrayscale.uexp" 98
"../../../Engine/Content/EngineMaterials/PPM_DefaultCalibrationGrayscale.uasset" 99
"../../../Engine/Content/EngineMaterials/PPM_DefaultCalibrationGrayscale.uexp" 100
"../../../Engine/Content/EngineMaterials/DefaultCalibrationColor.uasset" 101
"../../../Engine/Content/EngineMaterials/DefaultCalibrationColor.uexp" 102
"../../../Engine/Content/EngineMaterials/PPM_DefaultCalibrationColor.uasset" 103
"../../../Engine/Content/EngineMaterials/PPM_DefaultCalibrationColor.uexp" 104
"../../../Engine/Content/Functions/Engine_MaterialFunctions02/WorldPositionOffset/CameraOffset.uasset" 105
"../../../Engine/Content/Functions/Engine_MaterialFunctions02/WorldPositionOffset/CameraOffset.uexp" 106
"../../../Engine/Content/EngineMaterials/PhAT_JointLimitMaterial.uasset" 107
"../../../Engine/Content/EngineMaterials/PhAT_JointLimitMaterial.uexp" 108
"../../../Engine/Content/EngineMaterials/InvalidLightmapSettings.ubulk" 109
"../../../Engine/Content/EngineMaterials/InvalidLightmapSettings.uasset" 110
"../../../Engine/Content/EngineMaterials/InvalidLightmapSettings.uexp" 111
"../../../Engine/Content/EngineMaterials/M_InvalidLightmapSettings.uasset" 112
"../../../Engine/Content/EngineMaterials/M_InvalidLightmapSettings.uexp" 113
"../../../Engine/Content/EngineMaterials/MiniFont.uasset" 114
"../../../Engine/Content/EngineMaterials/MiniFont.uexp" 115
"../../../Engine/Content/EngineMaterials/Good64x64TilingNoiseHighFreq.uasset" 116
"../../../Engine/Content/EngineMaterials/Good64x64TilingNoiseHighFreq.uexp" 117
"../../../Engine/Content/EngineMaterials/GizmoMaterial.uasset" 118
"../../../Engine/Content/EngineMaterials/GizmoMaterial.uexp" 119
"../../../Engine/Content/EngineMaterials/BaseFlattenEmissiveMap_VT.uasset" 120
"../../../Engine/Content/EngineMaterials/BaseFlattenEmissiveMap_VT.uexp" 121
"../../../Engine/Content/EngineMaterials/BaseFlattenGrayscaleMap_VT.uasset" 122
"../../../Engine/Content/EngineMaterials/BaseFlattenGrayscaleMap_VT.uexp" 123
"../../../Engine/Content/EngineMaterials/BaseFlattenLinearColor_VT.uasset" 124
"../../../Engine/Content/EngineMaterials/BaseFlattenLinearColor_VT.uexp" 125
"../../../Engine/Content/EngineMaterials/Black_1x1_EXR_Texture_VT.uasset" 126
"../../../Engine/Content/EngineMaterials/Black_1x1_EXR_Texture_VT.uexp" 127
"../../../Engine/Content/EngineMaterials/BaseFlattenDiffuseMap_VT.uasset" 128
"../../../Engine/Content/EngineMaterials/BaseFlattenDiffuseMap_VT.uexp" 129
"../../../Engine/Content/EngineMaterials/BaseFlattenNormalMap_VT.uasset" 130
"../../../Engine/Content/EngineMaterials/BaseFlattenNormalMap_VT.uexp" 131
"../../../Engine/Content/EngineMaterials/FlattenMaterial_WS_Normal_VT.uasset" 132
"../../../Engine/Content/EngineMaterials/FlattenMaterial_WS_Normal_VT.uexp" 133
"../../../Engine/Content/EngineMaterials/FlattenMaterial_VT.uasset" 134
"../../../Engine/Content/EngineMaterials/FlattenMaterial_VT.uexp" 135
"../../../Engine/Content/EngineMaterials/BaseFlattenNormalMap.uasset" 136
"../../../Engine/Content/EngineMaterials/BaseFlattenNormalMap.uexp" 137
"../../../Engine/Content/EngineMaterials/BaseFlattenGrayscaleMap.uasset" 138
"../../../Engine/Content/EngineMaterials/BaseFlattenGrayscaleMap.uexp" 139
"../../../Engine/Content/EngineMaterials/BaseFlattenDiffuseMap.uasset" 140
"../../../Engine/Content/EngineMaterials/BaseFlattenDiffuseMap.uexp" 141
"../../../Engine/Content/Functions/Engine_MaterialFunctions02/PivotPainter2/Black_1x1_EXR_Texture.uasset" 142
"../../../Engine/Content/Functions/Engine_MaterialFunctions02/PivotPainter2/Black_1x1_EXR_Texture.uexp" 143
"../../../Engine/Content/EngineMaterials/BaseFlattenEmissiveMap.uasset" 144
"../../../Engine/Content/EngineMaterials/BaseFlattenEmissiveMap.uexp" 145
"../../../Engine/Content/EngineMaterials/BaseFlattenLinearColor.uasset" 146
"../../../Engine/Content/EngineMaterials/BaseFlattenLinearColor.uexp" 147
"../../../Engine/Content/EngineMaterials/FlattenMaterial.uasset" 148
"../../../Engine/Content/EngineMaterials/FlattenMaterial.uexp" 149
"../../../Engine/Content/EngineMaterials/DefaultWhiteGrid_Low.uasset" 150
"../../../Engine/Content/EngineMaterials/DefaultWhiteGrid_Low.uexp" 151
"../../../Engine/Content/EngineMaterials/EmissiveMeshMaterial.uasset" 152
"../../../Engine/Content/EngineMaterials/EmissiveMeshMaterial.uexp" 153
"../../../Engine/Content/EngineMaterials/DefaultWhiteGrid.ubulk" 154
"../../../Engine/Content/EngineMaterials/DefaultWhiteGrid.uasset" 155
"../../../Engine/Content/EngineMaterials/DefaultWhiteGrid.uexp" 156
"../../../Engine/Content/EngineFonts/RobotoDistanceField.uasset" 157
"../../../Engine/Content/EngineFonts/RobotoDistanceField.uexp" 158
"../../../Engine/Content/EngineMaterials/DefaultTextMaterialOpaque.uasset" 159
"../../../Engine/Content/EngineMaterials/DefaultTextMaterialOpaque.uexp" 160
"../../../Engine/Content/EngineMaterials/DefaultDiffuse.ubulk" 161
"../../../Engine/Content/EngineMaterials/DefaultDiffuse.uasset" 162
"../../../Engine/Content/EngineMaterials/DefaultDiffuse.uexp" 163
"../../../Engine/Content/Functions/Engine_MaterialFunctions02/Utility/BreakOutFloat2Components.uasset" 164
"../../../Engine/Content/Functions/Engine_MaterialFunctions02/Utility/BreakOutFloat2Components.uexp" 165
"../../../Engine/Content/EngineMaterials/DefaultPostProcessMaterial.uasset" 166
"../../../Engine/Content/EngineMaterials/DefaultPostProcessMaterial.uexp" 167
"../../../Engine/Content/EngineMaterials/DefaultPhysicalMaterial.uasset" 168
"../../../Engine/Content/EngineMaterials/DefaultPhysicalMaterial.uexp" 169
"../../../Engine/Content/EngineMaterials/DefaultLightFunctionMaterial.uasset" 170
"../../../Engine/Content/EngineMaterials/DefaultLightFunctionMaterial.uexp" 171
"../../../Engine/Content/EngineMaterials/DefaultDestructiblePhysicalMaterial.uasset" 172
"../../../Engine/Content/EngineMaterials/DefaultDestructiblePhysicalMaterial.uexp" 173
"../../../Engine/Content/EngineMaterials/DefaultDeferredDecalMaterial.uasset" 174
"../../../Engine/Content/EngineMaterials/DefaultDeferredDecalMaterial.uexp" 175
"../../../Engine/Content/EngineMaterials/DefaultBokeh.uasset" 176
"../../../Engine/Content/EngineMaterials/DefaultBokeh.uexp" 177
"../../../Engine/Content/EngineMaterials/DefaultBloomKernel.uasset" 178
"../../../Engine/Content/EngineMaterials/DefaultBloomKernel.uexp" 179
"../../../Engine/Content/EngineMaterials/BlueNoise.uasset" 180
"../../../Engine/Content/EngineMaterials/BlueNoise.uexp" 181
"../../../Engine/Content/EngineFonts/Faces/RobotoLight.uexp" 182
"../../../Engine/Content/EngineFonts/Faces/RobotoLight.uasset" 183
"../../../Engine/Content/EngineFonts/Faces/RobotoLight.ufont" 184
"../../../Engine/Content/EngineFonts/Faces/RobotoBold.uexp" 185
"../../../Engine/Content/EngineFonts/Faces/RobotoBold.uasset" 186
"../../../Engine/Content/EngineFonts/Faces/RobotoBold.ufont" 187
"../../../Engine/Content/EngineFonts/Faces/RobotoRegular.uexp" 188
"../../../Engine/Content/EngineFonts/Faces/RobotoRegular.uasset" 189
"../../../Engine/Content/EngineFonts/Faces/RobotoRegular.ufont" 190
"../../../Engine/Content/EngineFonts/Faces/DroidSansFallback.uexp" 191
"../../../Engine/Content/EngineFonts/Faces/DroidSansFallback.uasset" 192
"../../../Engine/Content/EngineFonts/Faces/DroidSansFallback.ufont" 193
"../../../Engine/Content/EngineFonts/Faces/RobotoItalic.uexp" 194
"../../../Engine/Content/EngineFonts/Faces/RobotoItalic.uasset" 195
"../../../Engine/Content/EngineFonts/Faces/RobotoItalic.ufont" 196
"../../../Engine/Content/EngineFonts/Faces/RobotoBoldItalic.uexp" 197
"../../../Engine/Content/EngineFonts/Faces/RobotoBoldItalic.uasset" 198
"../../../Engine/Content/EngineFonts/Faces/RobotoBoldItalic.ufont" 199
"../../../Engine/Content/EngineFonts/Roboto.uasset" 200
"../../../Engine/Content/EngineFonts/Roboto.uexp" 201
"../../../Engine/Content/Functions/Engine_MaterialFunctions02/Utility/CameraDirectionVector.uasset" 202
"../../../Engine/Content/Functions/Engine_MaterialFunctions02/Utility/CameraDirectionVector.uexp" 203
"../../../Engine/Content/EngineDebugMaterials/VolumeToRender.uasset" 204
"../../../Engine/Content/EngineDebugMaterials/VolumeToRender.uexp" 205
"../../../Engine/Content/EngineDebugMaterials/M_VolumeRenderSphereTracePP.uasset" 206
"../../../Engine/Content/EngineDebugMaterials/M_VolumeRenderSphereTracePP.uexp" 207
"../../../Engine/Content/EngineDebugMaterials/M_SimpleUnlitTranslucent.uasset" 208
"../../../Engine/Content/EngineDebugMaterials/M_SimpleUnlitTranslucent.uexp" 209
"../../../Engine/Content/EngineDebugMaterials/DebugMeshMaterial.uasset" 210
"../../../Engine/Content/EngineDebugMaterials/DebugMeshMaterial.uexp" 211
"../../../Engine/Content/EngineDebugMaterials/DebugEditorMaterial.uasset" 212
"../../../Engine/Content/EngineDebugMaterials/DebugEditorMaterial.uexp" 213
"../../../Engine/Content/EngineDamageTypes/DmgTypeBP_Environmental.uasset" 214
"../../../Engine/Content/EngineDamageTypes/DmgTypeBP_Environmental.uexp" 215
"../../../Engine/Content/EditorResources/S_TriggerSphere.uasset" 216
"../../../Engine/Content/EditorResources/S_TriggerSphere.uexp" 217
"../../../Engine/Content/EditorResources/S_TriggerCapsule.uasset" 218
"../../../Engine/Content/EditorResources/S_TriggerCapsule.uexp" 219
"../../../Engine/Content/EditorResources/S_TriggerBox.uasset" 220
"../../../Engine/Content/EditorResources/S_TriggerBox.uexp" 221
"../../../Engine/Content/EditorResources/S_Trigger.ubulk" 222
"../../../Engine/Content/EditorResources/S_Trigger.uasset" 223
"../../../Engine/Content/EditorResources/S_Trigger.uexp" 224
"../../../Engine/Content/EditorResources/S_Terrain.ubulk" 225
"../../../Engine/Content/EditorResources/S_Terrain.uasset" 226
"../../../Engine/Content/EditorResources/S_Terrain.uexp" 227
"../../../Engine/Content/EditorResources/S_Solver.ubulk" 228
"../../../Engine/Content/EditorResources/S_Solver.uasset" 229
"../../../Engine/Content/EditorResources/S_Solver.uexp" 230
"../../../Engine/Content/EditorResources/S_BoxReflectionCapture.uasset" 231
"../../../Engine/Content/EditorResources/S_BoxReflectionCapture.uexp" 232
"../../../Engine/Content/EditorResources/S_Actor.ubulk" 233
"../../../Engine/Content/EditorResources/S_Actor.uasset" 234
"../../../Engine/Content/EditorResources/S_Actor.uexp" 235
"../../../Engine/Content/EditorResources/EmptyActor.uasset" 236
"../../../Engine/Content/EditorResources/EmptyActor.uexp" 237
"../../../Engine/Content/EditorResources/BSPVertex.uasset" 238
"../../../Engine/Content/EditorResources/BSPVertex.uexp" 239
"../../../Engine/Content/EditorResources/SequenceRecorder/RecordingIndicator.uasset" 240
"../../../Engine/Content/EditorResources/SequenceRecorder/RecordingIndicator.uexp" 241
"../../../Engine/Content/EditorResources/SequenceRecorder/Countdown.uasset" 242
"../../../Engine/Content/EditorResources/SequenceRecorder/Countdown.uexp" 243
"../../../Engine/Content/EditorMaterials/Camera/CineMat.uasset" 244
"../../../Engine/Content/EditorMaterials/Camera/CineMat.uexp" 245
"../../../Engine/Content/EditorMaterials/Camera/MI_CineMat_Rig.uasset" 246
"../../../Engine/Content/EditorMaterials/Camera/MI_CineMat_Rig.uexp" 247
"../../../Engine/Content/EditorMeshes/Camera/SM_RailRig_Track.ubulk" 248
"../../../Engine/Content/EditorMeshes/Camera/SM_RailRig_Track.uasset" 249
"../../../Engine/Content/EditorMeshes/Camera/SM_RailRig_Track.uexp" 250
"../../../Engine/Content/EditorMeshes/Camera/SM_RailRig_Mount.ubulk" 251
"../../../Engine/Content/EditorMeshes/Camera/SM_RailRig_Mount.uasset" 252
"../../../Engine/Content/EditorMeshes/Camera/SM_RailRig_Mount.uexp" 253
"../../../Engine/Content/EditorMeshes/Camera/SM_CraneRig_Mount.ubulk" 254
"../../../Engine/Content/EditorMeshes/Camera/SM_CraneRig_Mount.uasset" 255
"../../../Engine/Content/EditorMeshes/Camera/SM_CraneRig_Mount.uexp" 256
"../../../Engine/Content/EditorMeshes/Camera/SM_CraneRig_Body.ubulk" 257
"../../../Engine/Content/EditorMeshes/Camera/SM_CraneRig_Body.uasset" 258
"../../../Engine/Content/EditorMeshes/Camera/SM_CraneRig_Body.uexp" 259
"../../../Engine/Content/EditorMeshes/Camera/SM_CraneRig_Base.ubulk" 260
"../../../Engine/Content/EditorMeshes/Camera/SM_CraneRig_Base.uasset" 261
"../../../Engine/Content/EditorMeshes/Camera/SM_CraneRig_Base.uexp" 262
"../../../Engine/Content/EditorMeshes/Camera/SM_CraneRig_Arm.ubulk" 263
"../../../Engine/Content/EditorMeshes/Camera/SM_CraneRig_Arm.uasset" 264
"../../../Engine/Content/EditorMeshes/Camera/SM_CraneRig_Arm.uexp" 265
"../../../Engine/Content/EditorMaterials/PreviewShadowIndicator.ubulk" 266
"../../../Engine/Content/EditorMaterials/PreviewShadowIndicator.uasset" 267
"../../../Engine/Content/EditorMaterials/PreviewShadowIndicator.uexp" 268
"../../../Engine/Content/EditorMaterials/PreviewShadowIndicatorMaterial.uasset" 269
"../../../Engine/Content/EditorMaterials/PreviewShadowIndicatorMaterial.uexp" 270
"../../../Engine/Content/EditorMaterials/MAT_Groups_Visibility.uasset" 271
"../../../Engine/Content/EditorMaterials/MAT_Groups_Visibility.uexp" 272
"../../../Engine/Content/EditorMaterials/MAT_Groups_Toggle.uasset" 273
"../../../Engine/Content/EditorMaterials/MAT_Groups_Toggle.uexp" 274
"../../../Engine/Content/Functions/Engine_MaterialFunctions02/Utility/MakeFloat4.uasset" 275
"../../../Engine/Content/Functions/Engine_MaterialFunctions02/Utility/MakeFloat4.uexp" 276
"../../../Engine/Content/Functions/Engine_MaterialFunctions02/Utility/MakeFloat3.uasset" 277
"../../../Engine/Content/Functions/Engine_MaterialFunctions02/Utility/MakeFloat3.uexp" 278
"../../../Engine/Content/Functions/Engine_MaterialFunctions02/Utility/BreakOutFloat3Components.uasset" 279
"../../../Engine/Content/Functions/Engine_MaterialFunctions02/Utility/BreakOutFloat3Components.uexp" 280
"../../../Engine/Content/EditorMaterials/WorldPartition/WorldPartitionSpatialHashGridPreviewMaterial.uasset" 281
"../../../Engine/Content/EditorMaterials/WorldPartition/WorldPartitionSpatialHashGridPreviewMaterial.uexp" 282
"../../../Engine/Content/EditorMaterials/ParticleSystems/PSysThumbnail_OOD.ubulk" 283
"../../../Engine/Content/EditorMaterials/ParticleSystems/PSysThumbnail_OOD.uasset" 284
"../../../Engine/Content/EditorMaterials/ParticleSystems/PSysThumbnail_OOD.uexp" 285
"../../../Engine/Content/EditorMaterials/ParticleSystems/PSysThumbnail_NoImage.ubulk" 286
"../../../Engine/Content/EditorMaterials/ParticleSystems/PSysThumbnail_NoImage.uasset" 287
"../../../Engine/Content/EditorMaterials/ParticleSystems/PSysThumbnail_NoImage.uexp" 288
"../../../Engine/Content/EditorMaterials/MatineeGroups/MAT_Groups_Vector.uasset" 289
"../../../Engine/Content/EditorMaterials/MatineeGroups/MAT_Groups_Vector.uexp" 290
"../../../Engine/Content/EditorMaterials/MatineeGroups/MAT_Groups_Sound.uasset" 291
"../../../Engine/Content/EditorMaterials/MatineeGroups/MAT_Groups_Sound.uexp" 292
"../../../Engine/Content/EditorMaterials/MatineeGroups/MAT_Groups_Slomo.uasset" 293
"../../../Engine/Content/EditorMaterials/MatineeGroups/MAT_Groups_Slomo.uexp" 294
"../../../Engine/Content/EditorMaterials/MatineeGroups/MAT_Groups_Move.uasset" 295
"../../../Engine/Content/EditorMaterials/MatineeGroups/MAT_Groups_Move.uexp" 296
"../../../Engine/Content/EditorMaterials/MatineeGroups/MAT_Groups_Float.uasset" 297
"../../../Engine/Content/EditorMaterials/MatineeGroups/MAT_Groups_Float.uexp" 298
"../../../Engine/Content/EditorMaterials/MatineeGroups/MAT_Groups_Fade.uasset" 299
"../../../Engine/Content/EditorMaterials/MatineeGroups/MAT_Groups_Fade.uexp" 300
"../../../Engine/Content/EditorMaterials/MatineeGroups/MAT_Groups_Event.uasset" 301
"../../../Engine/Content/EditorMaterials/MatineeGroups/MAT_Groups_Event.uexp" 302
"../../../Engine/Content/EditorMaterials/MatineeGroups/MAT_Groups_Director.uasset" 303
"../../../Engine/Content/EditorMaterials/MatineeGroups/MAT_Groups_Director.uexp" 304
"../../../Engine/Content/EditorMaterials/MatineeGroups/MAT_Groups_AudioMaster.uasset" 305
"../../../Engine/Content/EditorMaterials/MatineeGroups/MAT_Groups_AudioMaster.uexp" 306
"../../../Engine/Content/EditorMaterials/MatineeGroups/MAT_Groups_Anim.uasset" 307
"../../../Engine/Content/EditorMaterials/MatineeGroups/MAT_Groups_Anim.uexp" 308
"../../../Engine/Content/EditorMaterials/MatineeGroups/MAT_ColorTrack.uasset" 309
"../../../Engine/Content/EditorMaterials/MatineeGroups/MAT_ColorTrack.uexp" 310
"../../../Engine/Content/EditorLandscapeResources/DefaultAlphaTexture.uasset" 311
"../../../Engine/Content/EditorLandscapeResources/DefaultAlphaTexture.uexp" 312
"../../../Engine/Content/EditorLandscapeResources/DataLayer.uasset" 313
"../../../Engine/Content/EditorLandscapeResources/DataLayer.uexp" 314
"../../../Engine/Content/EngineMaterials/T_Default_Material_Grid_M.ubulk" 315
"../../../Engine/Content/EngineMaterials/T_Default_Material_Grid_M.uasset" 316
"../../../Engine/Content/EngineMaterials/T_Default_Material_Grid_M.uexp" 317
"../../../Engine/Content/EngineMaterials/T_Default_Material_Grid_N.ubulk" 318
"../../../Engine/Content/EngineMaterials/T_Default_Material_Grid_N.uasset" 319
"../../../Engine/Content/EngineMaterials/T_Default_Material_Grid_N.uexp" 320
"../../../Engine/Content/Functions/Engine_MaterialFunctions01/Opacity/CameraDepthFade.uasset" 321
"../../../Engine/Content/Functions/Engine_MaterialFunctions01/Opacity/CameraDepthFade.uexp" 322
"../../../Engine/Content/EngineMaterials/DefaultMaterial.uasset" 323
"../../../Engine/Content/EngineMaterials/DefaultMaterial.uexp" 324
"../../../Engine/Content/BasicShapes/Sphere.ubulk" 325
"../../../Engine/Content/BasicShapes/Sphere.uasset" 326
"../../../Engine/Content/BasicShapes/Sphere.uexp" 327
"../../../Engine/Content/EngineMaterials/WorldGridMaterial.uasset" 328
"../../../Engine/Content/EngineMaterials/WorldGridMaterial.uexp" 329
"../../../Engine/Content/BasicShapes/Plane.ubulk" 330
"../../../Engine/Content/BasicShapes/Plane.uasset" 331
"../../../Engine/Content/BasicShapes/Plane.uexp" 332
"../../../Engine/Content/BasicShapes/Cylinder.ubulk" 333
"../../../Engine/Content/BasicShapes/Cylinder.uasset" 334
"../../../Engine/Content/BasicShapes/Cylinder.uexp" 335
"../../../Engine/Content/BasicShapes/Cube.ubulk" 336
"../../../Engine/Content/BasicShapes/Cube.uasset" 337
"../../../Engine/Content/BasicShapes/Cube.uexp" 338
"../../../Engine/Content/BasicShapes/Cone.ubulk" 339
"../../../Engine/Content/BasicShapes/Cone.uasset" 340
"../../../Engine/Content/BasicShapes/Cone.uexp" 341
"../../../Engine/Content/ArtTools/RenderToTexture/Meshes/S_1_Unit_Plane.ubulk" 342
"../../../Engine/Content/ArtTools/RenderToTexture/Meshes/S_1_Unit_Plane.uasset" 343
"../../../Engine/Content/ArtTools/RenderToTexture/Meshes/S_1_Unit_Plane.uexp" 344
"../../../Engine/Plugins/2D/Paper2D/Content/PlaceholderTextures/DummySpriteTexture.ubulk" 345
"../../../Engine/Plugins/2D/Paper2D/Content/PlaceholderTextures/DummySpriteTexture.uasset" 346
"../../../Engine/Plugins/2D/Paper2D/Content/PlaceholderTextures/DummySpriteTexture.uexp" 347
"../../../Engine/Plugins/2D/Paper2D/Content/DefaultSpriteMaterial.uasset" 348
"../../../Engine/Plugins/2D/Paper2D/Content/DefaultSpriteMaterial.uexp" 349
"../../../Engine/Plugins/2D/Paper2D/Content/OpaqueUnlitSpriteMaterial.uasset" 350
"../../../Engine/Plugins/2D/Paper2D/Content/OpaqueUnlitSpriteMaterial.uexp" 351
"../../../Engine/Plugins/2D/Paper2D/Content/MaskedUnlitSpriteMaterial.uasset" 352
"../../../Engine/Plugins/2D/Paper2D/Content/MaskedUnlitSpriteMaterial.uexp" 353
"../../../Engine/Plugins/2D/Paper2D/Content/DummySprite.uasset" 354
"../../../Engine/Plugins/2D/Paper2D/Content/DummySprite.uexp" 355
"../../../Engine/Plugins/2D/Paper2D/Content/DefaultPaperTerrainMaterial.uasset" 356
"../../../Engine/Plugins/2D/Paper2D/Content/DefaultPaperTerrainMaterial.uexp" 357
"../../../Engine/Plugins/Animation/ControlRig/Content/M_Manip.uasset" 358
"../../../Engine/Plugins/Animation/ControlRig/Content/M_Manip.uexp" 359
"../../../Engine/Plugins/Animation/ControlRig/Content/Controls/ControlRig_Wedge_solid.ubulk" 360
"../../../Engine/Plugins/Animation/ControlRig/Content/Controls/ControlRig_Wedge_solid.uasset" 361
"../../../Engine/Plugins/Animation/ControlRig/Content/Controls/ControlRig_Wedge_solid.uexp" 362
"../../../Engine/Plugins/Animation/ControlRig/Content/Controls/ControlRig_Wedge_3mm.ubulk" 363
"../../../Engine/Plugins/Animation/ControlRig/Content/Controls/ControlRig_Wedge_3mm.uasset" 364
"../../../Engine/Plugins/Animation/ControlRig/Content/Controls/ControlRig_Wedge_3mm.uexp" 365
"../../../Engine/Plugins/Animation/ControlRig/Content/Controls/ControlRig_Wedge_1mm.ubulk" 366
"../../../Engine/Plugins/Animation/ControlRig/Content/Controls/ControlRig_Wedge_1mm.uasset" 367
"../../../Engine/Plugins/Animation/ControlRig/Content/Controls/ControlRig_Wedge_1mm.uexp" 368
"../../../Engine/Plugins/Animation/ControlRig/Content/Controls/ControlRig_Triangle_solid.ubulk" 369
"../../../Engine/Plugins/Animation/ControlRig/Content/Controls/ControlRig_Triangle_solid.uasset" 370
"../../../Engine/Plugins/Animation/ControlRig/Content/Controls/ControlRig_Triangle_solid.uexp" 371
"../../../Engine/Plugins/Animation/ControlRig/Content/Controls/ControlRig_Triangle_3mm.ubulk" 372
"../../../Engine/Plugins/Animation/ControlRig/Content/Controls/ControlRig_Triangle_3mm.uasset" 373
"../../../Engine/Plugins/Animation/ControlRig/Content/Controls/ControlRig_Triangle_3mm.uexp" 374
"../../../Engine/Plugins/Animation/ControlRig/Content/Controls/ControlRig_Triangle_1mm.ubulk" 375
"../../../Engine/Plugins/Animation/ControlRig/Content/Controls/ControlRig_Triangle_1mm.uasset" 376
"../../../Engine/Plugins/Animation/ControlRig/Content/Controls/ControlRig_Triangle_1mm.uexp" 377
"../../../Engine/Plugins/Animation/ControlRig/Content/Controls/ControlRig_Star4_solid.ubulk" 378
"../../../Engine/Plugins/Animation/ControlRig/Content/Controls/ControlRig_Star4_solid.uasset" 379
"../../../Engine/Plugins/Animation/ControlRig/Content/Controls/ControlRig_Star4_solid.uexp" 380
"../../../Engine/Plugins/Animation/ControlRig/Content/Controls/ControlRig_Star4_3mm.ubulk" 381
"../../../Engine/Plugins/Animation/ControlRig/Content/Controls/ControlRig_Star4_3mm.uasset" 382
"../../../Engine/Plugins/Animation/ControlRig/Content/Controls/ControlRig_Star4_3mm.uexp" 383
"../../../Engine/Plugins/Animation/ControlRig/Content/Controls/ControlRig_Star4_1mm.ubulk" 384
"../../../Engine/Plugins/Animation/ControlRig/Content/Controls/ControlRig_Star4_1mm.uasset" 385
"../../../Engine/Plugins/Animation/ControlRig/Content/Controls/ControlRig_Star4_1mm.uexp" 386
"../../../Engine/Plugins/Animation/ControlRig/Content/Controls/ControlRig_Square_solid.ubulk" 387
"../../../Engine/Plugins/Animation/ControlRig/Content/Controls/ControlRig_Square_solid.uasset" 388
"../../../Engine/Plugins/Animation/ControlRig/Content/Controls/ControlRig_Square_solid.uexp" 389
"../../../Engine/Plugins/Animation/ControlRig/Content/Controls/ControlRig_Square_3mm.ubulk" 390
"../../../Engine/Plugins/Animation/ControlRig/Content/Controls/ControlRig_Square_3mm.uasset" 391
"../../../Engine/Plugins/Animation/ControlRig/Content/Controls/ControlRig_Square_3mm.uexp" 392
"../../../Engine/Plugins/Animation/ControlRig/Content/Controls/ControlRig_Square_1mm.ubulk" 393
"../../../Engine/Plugins/Animation/ControlRig/Content/Controls/ControlRig_Square_1mm.uasset" 394
"../../../Engine/Plugins/Animation/ControlRig/Content/Controls/ControlRig_Square_1mm.uexp" 395
"../../../Engine/Plugins/Animation/ControlRig/Content/Controls/ControlRig_Sphere_solid.ubulk" 396
"../../../Engine/Plugins/Animation/ControlRig/Content/Controls/ControlRig_Sphere_solid.uasset" 397
"../../../Engine/Plugins/Animation/ControlRig/Content/Controls/ControlRig_Sphere_solid.uexp" 398
"../../../Engine/Plugins/Animation/ControlRig/Content/Controls/ControlRig_Sphere_3mm.ubulk" 399
"../../../Engine/Plugins/Animation/ControlRig/Content/Controls/ControlRig_Sphere_3mm.uasset" 400
"../../../Engine/Plugins/Animation/ControlRig/Content/Controls/ControlRig_Sphere_3mm.uexp" 401
"../../../Engine/Plugins/Animation/ControlRig/Content/Controls/ControlRig_Sphere_1mm.ubulk" 402
"../../../Engine/Plugins/Animation/ControlRig/Content/Controls/ControlRig_Sphere_1mm.uasset" 403
"../../../Engine/Plugins/Animation/ControlRig/Content/Controls/ControlRig_Sphere_1mm.uexp" 404
"../../../Engine/Plugins/Animation/ControlRig/Content/Controls/ControlRig_RoundedTriangle_solid.ubulk" 405
"../../../Engine/Plugins/Animation/ControlRig/Content/Controls/ControlRig_RoundedTriangle_solid.uasset" 406
"../../../Engine/Plugins/Animation/ControlRig/Content/Controls/ControlRig_RoundedTriangle_solid.uexp" 407
"../../../Engine/Plugins/Animation/ControlRig/Content/Controls/ControlRig_RoundedTriangle_3mm.ubulk" 408
"../../../Engine/Plugins/Animation/ControlRig/Content/Controls/ControlRig_RoundedTriangle_3mm.uasset" 409
"../../../Engine/Plugins/Animation/ControlRig/Content/Controls/ControlRig_RoundedTriangle_3mm.uexp" 410
"../../../Engine/Plugins/Animation/ControlRig/Content/Controls/ControlRig_RoundedTriangle_1mm.ubulk" 411
"../../../Engine/Plugins/Animation/ControlRig/Content/Controls/ControlRig_RoundedTriangle_1mm.uasset" 412
"../../../Engine/Plugins/Animation/ControlRig/Content/Controls/ControlRig_RoundedTriangle_1mm.uexp" 413
"../../../Engine/Plugins/Animation/ControlRig/Content/Controls/ControlRig_RoundedSquare_solid.ubulk" 414
"../../../Engine/Plugins/Animation/ControlRig/Content/Controls/ControlRig_RoundedSquare_solid.uasset" 415
"../../../Engine/Plugins/Animation/ControlRig/Content/Controls/ControlRig_RoundedSquare_solid.uexp" 416
"../../../Engine/Plugins/Animation/ControlRig/Content/Controls/ControlRig_RoundedSquare_3mm.ubulk" 417
"../../../Engine/Plugins/Animation/ControlRig/Content/Controls/ControlRig_RoundedSquare_3mm.uasset" 418
"../../../Engine/Plugins/Animation/ControlRig/Content/Controls/ControlRig_RoundedSquare_3mm.uexp" 419
"../../../Engine/Plugins/Animation/ControlRig/Content/Controls/ControlRig_RoundedSquare_1mm.ubulk" 420
"../../../Engine/Plugins/Animation/ControlRig/Content/Controls/ControlRig_RoundedSquare_1mm.uasset" 421
"../../../Engine/Plugins/Animation/ControlRig/Content/Controls/ControlRig_RoundedSquare_1mm.uexp" 422
"../../../Engine/Plugins/Animation/ControlRig/Content/Controls/ControlRig_QuarterCircle_solid.ubulk" 423
"../../../Engine/Plugins/Animation/ControlRig/Content/Controls/ControlRig_QuarterCircle_solid.uasset" 424
"../../../Engine/Plugins/Animation/ControlRig/Content/Controls/ControlRig_QuarterCircle_solid.uexp" 425
"../../../Engine/Plugins/Animation/ControlRig/Content/Controls/ControlRig_QuarterCircle_3mm.ubulk" 426
"../../../Engine/Plugins/Animation/ControlRig/Content/Controls/ControlRig_QuarterCircle_3mm.uasset" 427
"../../../Engine/Plugins/Animation/ControlRig/Content/Controls/ControlRig_QuarterCircle_3mm.uexp" 428
"../../../Engine/Plugins/Animation/ControlRig/Content/Controls/ControlRig_QuarterCircle_1mm.ubulk" 429
"../../../Engine/Plugins/Animation/ControlRig/Content/Controls/ControlRig_QuarterCircle_1mm.uasset" 430
"../../../Engine/Plugins/Animation/ControlRig/Content/Controls/ControlRig_QuarterCircle_1mm.uexp" 431
"../../../Engine/Plugins/Animation/ControlRig/Content/Controls/ControlRig_Pyramid_solid.ubulk" 432
"../../../Engine/Plugins/Animation/ControlRig/Content/Controls/ControlRig_Pyramid_solid.uasset" 433
"../../../Engine/Plugins/Animation/ControlRig/Content/Controls/ControlRig_Pyramid_solid.uexp" 434
"../../../Engine/Plugins/Animation/ControlRig/Content/Controls/ControlRig_Pyramid_3mm.ubulk" 435
"../../../Engine/Plugins/Animation/ControlRig/Content/Controls/ControlRig_Pyramid_3mm.uasset" 436
"../../../Engine/Plugins/Animation/ControlRig/Content/Controls/ControlRig_Pyramid_3mm.uexp" 437
"../../../Engine/Plugins/Animation/ControlRig/Content/Controls/ControlRig_Pyramid_1mm.ubulk" 438
"../../../Engine/Plugins/Animation/ControlRig/Content/Controls/ControlRig_Pyramid_1mm.uasset" 439
"../../../Engine/Plugins/Animation/ControlRig/Content/Controls/ControlRig_Pyramid_1mm.uexp" 440
"../../../Engine/Plugins/Animation/ControlRig/Content/Controls/ControlRig_Octagon_solid.ubulk" 441
"../../../Engine/Plugins/Animation/ControlRig/Content/Controls/ControlRig_Octagon_solid.uasset" 442
"../../../Engine/Plugins/Animation/ControlRig/Content/Controls/ControlRig_Octagon_solid.uexp" 443
"../../../Engine/Plugins/Animation/ControlRig/Content/Controls/ControlRig_Octagon_3mm.ubulk" 444
"../../../Engine/Plugins/Animation/ControlRig/Content/Controls/ControlRig_Octagon_3mm.uasset" 445
"../../../Engine/Plugins/Animation/ControlRig/Content/Controls/ControlRig_Octagon_3mm.uexp" 446
"../../../Engine/Plugins/Animation/ControlRig/Content/Controls/ControlRig_Octagon_1mm.ubulk" 447
"../../../Engine/Plugins/Animation/ControlRig/Content/Controls/ControlRig_Octagon_1mm.uasset" 448
"../../../Engine/Plugins/Animation/ControlRig/Content/Controls/ControlRig_Octagon_1mm.uexp" 449
"../../../Engine/Plugins/Animation/ControlRig/Content/Controls/ControlRig_Hexagon_solid.ubulk" 450
"../../../Engine/Plugins/Animation/ControlRig/Content/Controls/ControlRig_Hexagon_solid.uasset" 451
"../../../Engine/Plugins/Animation/ControlRig/Content/Controls/ControlRig_Hexagon_solid.uexp" 452
"../../../Engine/Plugins/Animation/ControlRig/Content/Controls/ControlRig_Hexagon_3mm.ubulk" 453
"../../../Engine/Plugins/Animation/ControlRig/Content/Controls/ControlRig_Hexagon_3mm.uasset" 454
"../../../Engine/Plugins/Animation/ControlRig/Content/Controls/ControlRig_Hexagon_3mm.uexp" 455
"../../../Engine/Plugins/Animation/ControlRig/Content/Controls/ControlRig_Hexagon_1mm.ubulk" 456
"../../../Engine/Plugins/Animation/ControlRig/Content/Controls/ControlRig_Hexagon_1mm.uasset" 457
"../../../Engine/Plugins/Animation/ControlRig/Content/Controls/ControlRig_Hexagon_1mm.uexp" 458
"../../../Engine/Plugins/Animation/ControlRig/Content/Controls/ControlRig_HalfCircle_solid.ubulk" 459
"../../../Engine/Plugins/Animation/ControlRig/Content/Controls/ControlRig_HalfCircle_solid.uasset" 460
"../../../Engine/Plugins/Animation/ControlRig/Content/Controls/ControlRig_HalfCircle_solid.uexp" 461
"../../../Engine/Plugins/Animation/ControlRig/Content/Controls/ControlRig_HalfCircle_3mm.ubulk" 462
"../../../Engine/Plugins/Animation/ControlRig/Content/Controls/ControlRig_HalfCircle_3mm.uasset" 463
"../../../Engine/Plugins/Animation/ControlRig/Content/Controls/ControlRig_HalfCircle_3mm.uexp" 464
"../../../Engine/Plugins/Animation/ControlRig/Content/Controls/ControlRig_HalfCircle_1mm.ubulk" 465
"../../../Engine/Plugins/Animation/ControlRig/Content/Controls/ControlRig_HalfCircle_1mm.uasset" 466
"../../../Engine/Plugins/Animation/ControlRig/Content/Controls/ControlRig_HalfCircle_1mm.uexp" 467
"../../../Engine/Plugins/Animation/ControlRig/Content/Controls/ControlRig_Diamond_solid.ubulk" 468
"../../../Engine/Plugins/Animation/ControlRig/Content/Controls/ControlRig_Diamond_solid.uasset" 469
"../../../Engine/Plugins/Animation/ControlRig/Content/Controls/ControlRig_Diamond_solid.uexp" 470
"../../../Engine/Plugins/Animation/ControlRig/Content/Controls/ControlRig_Diamond_3mm.ubulk" 471
"../../../Engine/Plugins/Animation/ControlRig/Content/Controls/ControlRig_Diamond_3mm.uasset" 472
"../../../Engine/Plugins/Animation/ControlRig/Content/Controls/ControlRig_Diamond_3mm.uexp" 473
"../../../Engine/Plugins/Animation/ControlRig/Content/Controls/ControlRig_Diamond_1mm.ubulk" 474
"../../../Engine/Plugins/Animation/ControlRig/Content/Controls/ControlRig_Diamond_1mm.uasset" 475
"../../../Engine/Plugins/Animation/ControlRig/Content/Controls/ControlRig_Diamond_1mm.uexp" 476
"../../../Engine/Plugins/Animation/ControlRig/Content/Controls/ControlRig_Circle_solid.ubulk" 477
"../../../Engine/Plugins/Animation/ControlRig/Content/Controls/ControlRig_Circle_solid.uasset" 478
"../../../Engine/Plugins/Animation/ControlRig/Content/Controls/ControlRig_Circle_solid.uexp" 479
"../../../Engine/Plugins/Animation/ControlRig/Content/Controls/ControlRig_Circle_3mm.ubulk" 480
"../../../Engine/Plugins/Animation/ControlRig/Content/Controls/ControlRig_Circle_3mm.uasset" 481
"../../../Engine/Plugins/Animation/ControlRig/Content/Controls/ControlRig_Circle_3mm.uexp" 482
"../../../Engine/Plugins/Animation/ControlRig/Content/Controls/ControlRig_Circle_1mm.ubulk" 483
"../../../Engine/Plugins/Animation/ControlRig/Content/Controls/ControlRig_Circle_1mm.uasset" 484
"../../../Engine/Plugins/Animation/ControlRig/Content/Controls/ControlRig_Circle_1mm.uexp" 485
"../../../Engine/Plugins/Animation/ControlRig/Content/Controls/ControlRig_Box_solid.ubulk" 486
"../../../Engine/Plugins/Animation/ControlRig/Content/Controls/ControlRig_Box_solid.uasset" 487
"../../../Engine/Plugins/Animation/ControlRig/Content/Controls/ControlRig_Box_solid.uexp" 488
"../../../Engine/Plugins/Animation/ControlRig/Content/Controls/ControlRig_Box_3mm.ubulk" 489
"../../../Engine/Plugins/Animation/ControlRig/Content/Controls/ControlRig_Box_3mm.uasset" 490
"../../../Engine/Plugins/Animation/ControlRig/Content/Controls/ControlRig_Box_3mm.uexp" 491
"../../../Engine/Plugins/Animation/ControlRig/Content/Controls/ControlRig_Box_1mm.ubulk" 492
"../../../Engine/Plugins/Animation/ControlRig/Content/Controls/ControlRig_Box_1mm.uasset" 493
"../../../Engine/Plugins/Animation/ControlRig/Content/Controls/ControlRig_Box_1mm.uexp" 494
"../../../Engine/Plugins/Animation/ControlRig/Content/Controls/ControlRig_Arrow_solid.ubulk" 495
"../../../Engine/Plugins/Animation/ControlRig/Content/Controls/ControlRig_Arrow_solid.uasset" 496
"../../../Engine/Plugins/Animation/ControlRig/Content/Controls/ControlRig_Arrow_solid.uexp" 497
"../../../Engine/Plugins/Animation/ControlRig/Content/Controls/ControlRig_Arrow_3mm.ubulk" 498
"../../../Engine/Plugins/Animation/ControlRig/Content/Controls/ControlRig_Arrow_3mm.uasset" 499
"../../../Engine/Plugins/Animation/ControlRig/Content/Controls/ControlRig_Arrow_3mm.uexp" 500
"../../../Engine/Plugins/Animation/ControlRig/Content/Controls/ControlRig_Arrow_1mm.ubulk" 501
"../../../Engine/Plugins/Animation/ControlRig/Content/Controls/ControlRig_Arrow_1mm.uasset" 502
"../../../Engine/Plugins/Animation/ControlRig/Content/Controls/ControlRig_Arrow_1mm.uexp" 503
"../../../Engine/Plugins/Animation/ControlRig/Content/Controls/ControlRig_Arrow4_solid.ubulk" 504
"../../../Engine/Plugins/Animation/ControlRig/Content/Controls/ControlRig_Arrow4_solid.uasset" 505
"../../../Engine/Plugins/Animation/ControlRig/Content/Controls/ControlRig_Arrow4_solid.uexp" 506
"../../../Engine/Plugins/Animation/ControlRig/Content/Controls/ControlRig_Arrow4_3mm.ubulk" 507
"../../../Engine/Plugins/Animation/ControlRig/Content/Controls/ControlRig_Arrow4_3mm.uasset" 508
"../../../Engine/Plugins/Animation/ControlRig/Content/Controls/ControlRig_Arrow4_3mm.uexp" 509
"../../../Engine/Plugins/Animation/ControlRig/Content/Controls/ControlRig_Arrow4_1mm.ubulk" 510
"../../../Engine/Plugins/Animation/ControlRig/Content/Controls/ControlRig_Arrow4_1mm.uasset" 511
"../../../Engine/Plugins/Animation/ControlRig/Content/Controls/ControlRig_Arrow4_1mm.uexp" 512
"../../../Engine/Plugins/Animation/ControlRig/Content/Controls/ControlRig_Arrow2_solid.ubulk" 513
"../../../Engine/Plugins/Animation/ControlRig/Content/Controls/ControlRig_Arrow2_solid.uasset" 514
"../../../Engine/Plugins/Animation/ControlRig/Content/Controls/ControlRig_Arrow2_solid.uexp" 515
"../../../Engine/Plugins/Animation/ControlRig/Content/Controls/ControlRig_Arrow2_3mm.ubulk" 516
"../../../Engine/Plugins/Animation/ControlRig/Content/Controls/ControlRig_Arrow2_3mm.uasset" 517
"../../../Engine/Plugins/Animation/ControlRig/Content/Controls/ControlRig_Arrow2_3mm.uexp" 518
"../../../Engine/Plugins/Animation/ControlRig/Content/Controls/ControlRig_Arrow2_1mm.ubulk" 519
"../../../Engine/Plugins/Animation/ControlRig/Content/Controls/ControlRig_Arrow2_1mm.uasset" 520
"../../../Engine/Plugins/Animation/ControlRig/Content/Controls/ControlRig_Arrow2_1mm.uexp" 521
"../../../Engine/Plugins/Animation/ControlRig/Content/Controls/ControlRigGizmoMaterial.uasset" 522
"../../../Engine/Plugins/Animation/ControlRig/Content/Controls/ControlRigGizmoMaterial.uexp" 523
"../../../Engine/Plugins/Editor/SpeedTreeImporter/Content/SpeedTree9/game_wind_noise.ubulk" 524
"../../../Engine/Plugins/Editor/SpeedTreeImporter/Content/SpeedTree9/game_wind_noise.uasset" 525
"../../../Engine/Plugins/Editor/SpeedTreeImporter/Content/SpeedTree9/game_wind_noise.uexp" 526
"../../../Engine/Plugins/Editor/SpeedTreeImporter/Content/SpeedTree9/UnpackDirection.uasset" 527
"../../../Engine/Plugins/Editor/SpeedTreeImporter/Content/SpeedTree9/UnpackDirection.uexp" 528
"../../../Engine/Content/Functions/Engine_MaterialFunctions02/ObjectLocalBounds.uasset" 529
"../../../Engine/Content/Functions/Engine_MaterialFunctions02/ObjectLocalBounds.uexp" 530
"../../../Engine/Content/Functions/Engine_MaterialFunctions02/UVs/BoundingBoxBased_0-1_UVW.uasset" 531
"../../../Engine/Content/Functions/Engine_MaterialFunctions02/UVs/BoundingBoxBased_0-1_UVW.uexp" 532
"../../../Engine/Content/Functions/Engine_MaterialFunctions02/Utility/VectorLength.uasset" 533
"../../../Engine/Content/Functions/Engine_MaterialFunctions02/Utility/VectorLength.uexp" 534
"../../../Engine/Plugins/Editor/SpeedTreeImporter/Content/SpeedTree9/UnpackInteger3.uasset" 535
"../../../Engine/Plugins/Editor/SpeedTreeImporter/Content/SpeedTree9/UnpackInteger3.uexp" 536
"../../../Engine/Plugins/Editor/SpeedTreeImporter/Content/SpeedTree9/SpeedTreeCameraFacing.uasset" 537
"../../../Engine/Plugins/Editor/SpeedTreeImporter/Content/SpeedTree9/SpeedTreeCameraFacing.uexp" 538
"../../../Engine/Content/Functions/Engine_MaterialFunctions02/WorldPositionOffset/ObjectScale.uasset" 539
"../../../Engine/Content/Functions/Engine_MaterialFunctions02/WorldPositionOffset/ObjectScale.uexp" 540
"../../../Engine/Content/Functions/Engine_MaterialFunctions02/SafeNormalize.uasset" 541
"../../../Engine/Content/Functions/Engine_MaterialFunctions02/SafeNormalize.uexp" 542
"../../../Engine/Plugins/Editor/SpeedTreeImporter/Content/SpeedTree9/SpeedTreeWindMotion.uasset" 543
"../../../Engine/Plugins/Editor/SpeedTreeImporter/Content/SpeedTree9/SpeedTreeWindMotion.uexp" 544
"../../../Engine/Plugins/Editor/SpeedTreeImporter/Content/SpeedTree9/SpeedTreeBranchMotion.uasset" 545
"../../../Engine/Plugins/Editor/SpeedTreeImporter/Content/SpeedTree9/SpeedTreeBranchMotion.uexp" 546
"../../../Engine/Plugins/Editor/SpeedTreeImporter/Content/SpeedTree9/SpeedTreeWind.uasset" 547
"../../../Engine/Plugins/Editor/SpeedTreeImporter/Content/SpeedTree9/SpeedTreeWind.uexp" 548
"../../../Engine/Plugins/Editor/SpeedTreeImporter/Content/SpeedTree9/EmptyNormal.uasset" 549
"../../../Engine/Plugins/Editor/SpeedTreeImporter/Content/SpeedTree9/EmptyNormal.uexp" 550
"../../../Engine/Plugins/Editor/SpeedTreeImporter/Content/SpeedTree9/Empty.uasset" 551
"../../../Engine/Plugins/Editor/SpeedTreeImporter/Content/SpeedTree9/Empty.uexp" 552
"../../../Engine/Plugins/Editor/SpeedTreeImporter/Content/SpeedTree9/SpeedTreeMaster.uasset" 553
"../../../Engine/Plugins/Editor/SpeedTreeImporter/Content/SpeedTree9/SpeedTreeMaster.uexp" 554
"../../../Engine/Plugins/Editor/SpeedTreeImporter/Content/SpeedTree9/SpeedTreeBillboard.uasset" 555
"../../../Engine/Plugins/Editor/SpeedTreeImporter/Content/SpeedTree9/SpeedTreeBillboard.uexp" 556
"../../../Engine/Plugins/Editor/SpeedTreeImporter/Content/SpeedTree9/SpeedTreeBillboardMaster.uasset" 557
"../../../Engine/Plugins/Editor/SpeedTreeImporter/Content/SpeedTree9/SpeedTreeBillboardMaster.uexp" 558
"../../../Engine/Plugins/Runtime/HairStrands/Content/Materials/HairMeshesDefaultMaterial.uasset" 559
"../../../Engine/Plugins/Runtime/HairStrands/Content/Materials/HairMeshesDefaultMaterial.uexp" 560
"../../../Engine/Plugins/Runtime/HairStrands/Content/Materials/HairDefaultMaterial.uasset" 561
"../../../Engine/Plugins/Runtime/HairStrands/Content/Materials/HairDefaultMaterial.uexp" 562
"../../../Engine/Plugins/Runtime/HairStrands/Content/Materials/HairGroupColors.uasset" 563
"../../../Engine/Plugins/Runtime/HairStrands/Content/Materials/HairGroupColors.uexp" 564
"../../../Engine/Content/EngineMaterials/HairColorMap.uasset" 565
"../../../Engine/Content/EngineMaterials/HairColorMap.uexp" 566
"../../../Engine/Content/EngineMaterials/HairDebugColor.uasset" 567
"../../../Engine/Content/EngineMaterials/HairDebugColor.uexp" 568
"../../../Engine/Plugins/Runtime/HairStrands/Content/Materials/HairDebugMaterial.uasset" 569
"../../../Engine/Plugins/Runtime/HairStrands/Content/Materials/HairDebugMaterial.uexp" 570
"../../../Engine/Plugins/Runtime/HairStrands/Content/Materials/HairCardsDefaultMaterial.uasset" 571
"../../../Engine/Plugins/Runtime/HairStrands/Content/Materials/HairCardsDefaultMaterial.uexp" 572
"D:/_Projects/AimTrainer/Content/Player/BP_ATPlayerController.uasset" 573
"D:/_Projects/AimTrainer/Content/Player/BP_ATPlayerController.uexp" 574
"D:/_Projects/AimTrainer/Content/Sounds/Impacts/wav/sw_Impt_Launcher_Dist_05.ubulk" 575
"D:/_Projects/AimTrainer/Content/Sounds/Impacts/wav/sw_Impt_Launcher_Dist_05.uasset" 576
"D:/_Projects/AimTrainer/Content/Sounds/Impacts/wav/sw_Impt_Launcher_Dist_05.uexp" 577
"D:/_Projects/AimTrainer/Content/Sounds/Impacts/wav/sw_Impt_Launcher_Dist_04.ubulk" 578
"D:/_Projects/AimTrainer/Content/Sounds/Impacts/wav/sw_Impt_Launcher_Dist_04.uasset" 579
"D:/_Projects/AimTrainer/Content/Sounds/Impacts/wav/sw_Impt_Launcher_Dist_04.uexp" 580
"D:/_Projects/AimTrainer/Content/Sounds/Impacts/wav/sw_Impt_Launcher_Dist_03.ubulk" 581
"D:/_Projects/AimTrainer/Content/Sounds/Impacts/wav/sw_Impt_Launcher_Dist_03.uasset" 582
"D:/_Projects/AimTrainer/Content/Sounds/Impacts/wav/sw_Impt_Launcher_Dist_03.uexp" 583
"D:/_Projects/AimTrainer/Content/Sounds/Impacts/wav/sw_Impt_Launcher_Dist_02.ubulk" 584
"D:/_Projects/AimTrainer/Content/Sounds/Impacts/wav/sw_Impt_Launcher_Dist_02.uasset" 585
"D:/_Projects/AimTrainer/Content/Sounds/Impacts/wav/sw_Impt_Launcher_Dist_02.uexp" 586
"D:/_Projects/AimTrainer/Content/Sounds/Impacts/wav/sw_Impt_Launcher_Dist_01.ubulk" 587
"D:/_Projects/AimTrainer/Content/Sounds/Impacts/wav/sw_Impt_Launcher_Dist_01.uasset" 588
"D:/_Projects/AimTrainer/Content/Sounds/Impacts/wav/sw_Impt_Launcher_Dist_01.uexp" 589
"D:/_Projects/AimTrainer/Content/Sounds/Impacts/wav/sw_Impt_Launcher_Close_05.ubulk" 590
"D:/_Projects/AimTrainer/Content/Sounds/Impacts/wav/sw_Impt_Launcher_Close_05.uasset" 591
"D:/_Projects/AimTrainer/Content/Sounds/Impacts/wav/sw_Impt_Launcher_Close_05.uexp" 592
"D:/_Projects/AimTrainer/Content/Sounds/Impacts/wav/sw_Impt_Launcher_Close_04.ubulk" 593
"D:/_Projects/AimTrainer/Content/Sounds/Impacts/wav/sw_Impt_Launcher_Close_04.uasset" 594
"D:/_Projects/AimTrainer/Content/Sounds/Impacts/wav/sw_Impt_Launcher_Close_04.uexp" 595
"D:/_Projects/AimTrainer/Content/Sounds/Impacts/wav/sw_Impt_Launcher_Close_03.ubulk" 596
"D:/_Projects/AimTrainer/Content/Sounds/Impacts/wav/sw_Impt_Launcher_Close_03.uasset" 597
"D:/_Projects/AimTrainer/Content/Sounds/Impacts/wav/sw_Impt_Launcher_Close_03.uexp" 598
"D:/_Projects/AimTrainer/Content/Sounds/Impacts/wav/sw_Impt_Launcher_Close_02.ubulk" 599
"D:/_Projects/AimTrainer/Content/Sounds/Impacts/wav/sw_Impt_Launcher_Close_02.uasset" 600
"D:/_Projects/AimTrainer/Content/Sounds/Impacts/wav/sw_Impt_Launcher_Close_02.uexp" 601
"D:/_Projects/AimTrainer/Content/Sounds/Impacts/wav/sw_Impt_Launcher_Close_01.ubulk" 602
"D:/_Projects/AimTrainer/Content/Sounds/Impacts/wav/sw_Impt_Launcher_Close_01.uasset" 603
"D:/_Projects/AimTrainer/Content/Sounds/Impacts/wav/sw_Impt_Launcher_Close_01.uexp" 604
"D:/_Projects/AimTrainer/Content/Sounds/Impacts/wav/sw_Impt_AK_Water_10.ubulk" 605
"D:/_Projects/AimTrainer/Content/Sounds/Impacts/wav/sw_Impt_AK_Water_10.uasset" 606
"D:/_Projects/AimTrainer/Content/Sounds/Impacts/wav/sw_Impt_AK_Water_10.uexp" 607
"D:/_Projects/AimTrainer/Content/Sounds/Impacts/wav/sw_Impt_AK_Water_09.ubulk" 608
"D:/_Projects/AimTrainer/Content/Sounds/Impacts/wav/sw_Impt_AK_Water_09.uasset" 609
"D:/_Projects/AimTrainer/Content/Sounds/Impacts/wav/sw_Impt_AK_Water_09.uexp" 610
"D:/_Projects/AimTrainer/Content/Sounds/Impacts/wav/sw_Impt_AK_Water_08.ubulk" 611
"D:/_Projects/AimTrainer/Content/Sounds/Impacts/wav/sw_Impt_AK_Water_08.uasset" 612
"D:/_Projects/AimTrainer/Content/Sounds/Impacts/wav/sw_Impt_AK_Water_08.uexp" 613
"D:/_Projects/AimTrainer/Content/Sounds/Impacts/wav/sw_Impt_AK_Water_07.ubulk" 614
"D:/_Projects/AimTrainer/Content/Sounds/Impacts/wav/sw_Impt_AK_Water_07.uasset" 615
"D:/_Projects/AimTrainer/Content/Sounds/Impacts/wav/sw_Impt_AK_Water_07.uexp" 616
"D:/_Projects/AimTrainer/Content/Sounds/Impacts/wav/sw_Impt_AK_Water_06.ubulk" 617
"D:/_Projects/AimTrainer/Content/Sounds/Impacts/wav/sw_Impt_AK_Water_06.uasset" 618
"D:/_Projects/AimTrainer/Content/Sounds/Impacts/wav/sw_Impt_AK_Water_06.uexp" 619
"D:/_Projects/AimTrainer/Content/Sounds/Impacts/wav/sw_Impt_AK_Water_05.ubulk" 620
"D:/_Projects/AimTrainer/Content/Sounds/Impacts/wav/sw_Impt_AK_Water_05.uasset" 621
"D:/_Projects/AimTrainer/Content/Sounds/Impacts/wav/sw_Impt_AK_Water_05.uexp" 622
"D:/_Projects/AimTrainer/Content/Sounds/Impacts/wav/sw_Impt_AK_Water_04.ubulk" 623
"D:/_Projects/AimTrainer/Content/Sounds/Impacts/wav/sw_Impt_AK_Water_04.uasset" 624
"D:/_Projects/AimTrainer/Content/Sounds/Impacts/wav/sw_Impt_AK_Water_04.uexp" 625
"D:/_Projects/AimTrainer/Content/Sounds/Impacts/wav/sw_Impt_AK_Water_03.ubulk" 626
"D:/_Projects/AimTrainer/Content/Sounds/Impacts/wav/sw_Impt_AK_Water_03.uasset" 627
"D:/_Projects/AimTrainer/Content/Sounds/Impacts/wav/sw_Impt_AK_Water_03.uexp" 628
"D:/_Projects/AimTrainer/Content/Sounds/Impacts/wav/sw_Impt_AK_Water_02.ubulk" 629
"D:/_Projects/AimTrainer/Content/Sounds/Impacts/wav/sw_Impt_AK_Water_02.uasset" 630
"D:/_Projects/AimTrainer/Content/Sounds/Impacts/wav/sw_Impt_AK_Water_02.uexp" 631
"D:/_Projects/AimTrainer/Content/Sounds/Impacts/wav/sw_Impt_AK_Water_01.ubulk" 632
"D:/_Projects/AimTrainer/Content/Sounds/Impacts/wav/sw_Impt_AK_Water_01.uasset" 633
"D:/_Projects/AimTrainer/Content/Sounds/Impacts/wav/sw_Impt_AK_Water_01.uexp" 634
"D:/_Projects/AimTrainer/Content/Sounds/Impacts/wav/sw_Impt_AK_Mtl_16.ubulk" 635
"D:/_Projects/AimTrainer/Content/Sounds/Impacts/wav/sw_Impt_AK_Mtl_16.uasset" 636
"D:/_Projects/AimTrainer/Content/Sounds/Impacts/wav/sw_Impt_AK_Mtl_16.uexp" 637
"D:/_Projects/AimTrainer/Content/Sounds/Impacts/wav/sw_Impt_AK_Mtl_15.ubulk" 638
"D:/_Projects/AimTrainer/Content/Sounds/Impacts/wav/sw_Impt_AK_Mtl_15.uasset" 639
"D:/_Projects/AimTrainer/Content/Sounds/Impacts/wav/sw_Impt_AK_Mtl_15.uexp" 640
"D:/_Projects/AimTrainer/Content/Sounds/Impacts/wav/sw_Impt_AK_Mtl_14.ubulk" 641
"D:/_Projects/AimTrainer/Content/Sounds/Impacts/wav/sw_Impt_AK_Mtl_14.uasset" 642
"D:/_Projects/AimTrainer/Content/Sounds/Impacts/wav/sw_Impt_AK_Mtl_14.uexp" 643
"D:/_Projects/AimTrainer/Content/Sounds/Impacts/wav/sw_Impt_AK_Mtl_13.ubulk" 644
"D:/_Projects/AimTrainer/Content/Sounds/Impacts/wav/sw_Impt_AK_Mtl_13.uasset" 645
"D:/_Projects/AimTrainer/Content/Sounds/Impacts/wav/sw_Impt_AK_Mtl_13.uexp" 646
"D:/_Projects/AimTrainer/Content/Sounds/Impacts/wav/sw_Impt_AK_Mtl_12.ubulk" 647
"D:/_Projects/AimTrainer/Content/Sounds/Impacts/wav/sw_Impt_AK_Mtl_12.uasset" 648
"D:/_Projects/AimTrainer/Content/Sounds/Impacts/wav/sw_Impt_AK_Mtl_12.uexp" 649
"D:/_Projects/AimTrainer/Content/Sounds/Impacts/wav/sw_Impt_AK_Mtl_11.ubulk" 650
"D:/_Projects/AimTrainer/Content/Sounds/Impacts/wav/sw_Impt_AK_Mtl_11.uasset" 651
"D:/_Projects/AimTrainer/Content/Sounds/Impacts/wav/sw_Impt_AK_Mtl_11.uexp" 652
"D:/_Projects/AimTrainer/Content/Sounds/Impacts/wav/sw_Impt_AK_Mtl_10.ubulk" 653
"D:/_Projects/AimTrainer/Content/Sounds/Impacts/wav/sw_Impt_AK_Mtl_10.uasset" 654
"D:/_Projects/AimTrainer/Content/Sounds/Impacts/wav/sw_Impt_AK_Mtl_10.uexp" 655
"D:/_Projects/AimTrainer/Content/Sounds/Impacts/wav/sw_Impt_AK_Mtl_09.ubulk" 656
"D:/_Projects/AimTrainer/Content/Sounds/Impacts/wav/sw_Impt_AK_Mtl_09.uasset" 657
"D:/_Projects/AimTrainer/Content/Sounds/Impacts/wav/sw_Impt_AK_Mtl_09.uexp" 658
"D:/_Projects/AimTrainer/Content/Sounds/Impacts/wav/sw_Impt_AK_Mtl_08.ubulk" 659
"D:/_Projects/AimTrainer/Content/Sounds/Impacts/wav/sw_Impt_AK_Mtl_08.uasset" 660
"D:/_Projects/AimTrainer/Content/Sounds/Impacts/wav/sw_Impt_AK_Mtl_08.uexp" 661
"D:/_Projects/AimTrainer/Content/Sounds/Impacts/wav/sw_Impt_AK_Mtl_07.ubulk" 662
"D:/_Projects/AimTrainer/Content/Sounds/Impacts/wav/sw_Impt_AK_Mtl_07.uasset" 663
"D:/_Projects/AimTrainer/Content/Sounds/Impacts/wav/sw_Impt_AK_Mtl_07.uexp" 664
"D:/_Projects/AimTrainer/Content/Sounds/Impacts/wav/sw_Impt_AK_Mtl_06.ubulk" 665
"D:/_Projects/AimTrainer/Content/Sounds/Impacts/wav/sw_Impt_AK_Mtl_06.uasset" 666
"D:/_Projects/AimTrainer/Content/Sounds/Impacts/wav/sw_Impt_AK_Mtl_06.uexp" 667
"D:/_Projects/AimTrainer/Content/Sounds/Impacts/wav/sw_Impt_AK_Mtl_05.ubulk" 668
"D:/_Projects/AimTrainer/Content/Sounds/Impacts/wav/sw_Impt_AK_Mtl_05.uasset" 669
"D:/_Projects/AimTrainer/Content/Sounds/Impacts/wav/sw_Impt_AK_Mtl_05.uexp" 670
"D:/_Projects/AimTrainer/Content/Sounds/Impacts/wav/sw_Impt_AK_Mtl_04.ubulk" 671
"D:/_Projects/AimTrainer/Content/Sounds/Impacts/wav/sw_Impt_AK_Mtl_04.uasset" 672
"D:/_Projects/AimTrainer/Content/Sounds/Impacts/wav/sw_Impt_AK_Mtl_04.uexp" 673
"D:/_Projects/AimTrainer/Content/Sounds/Impacts/wav/sw_Impt_AK_Mtl_03.ubulk" 674
"D:/_Projects/AimTrainer/Content/Sounds/Impacts/wav/sw_Impt_AK_Mtl_03.uasset" 675
"D:/_Projects/AimTrainer/Content/Sounds/Impacts/wav/sw_Impt_AK_Mtl_03.uexp" 676
"D:/_Projects/AimTrainer/Content/Sounds/Impacts/wav/sw_Impt_AK_Mtl_02.ubulk" 677
"D:/_Projects/AimTrainer/Content/Sounds/Impacts/wav/sw_Impt_AK_Mtl_02.uasset" 678
"D:/_Projects/AimTrainer/Content/Sounds/Impacts/wav/sw_Impt_AK_Mtl_02.uexp" 679
"D:/_Projects/AimTrainer/Content/Sounds/Impacts/wav/sw_Impt_AK_Mtl_01.ubulk" 680
"D:/_Projects/AimTrainer/Content/Sounds/Impacts/wav/sw_Impt_AK_Mtl_01.uasset" 681
"D:/_Projects/AimTrainer/Content/Sounds/Impacts/wav/sw_Impt_AK_Mtl_01.uexp" 682
"D:/_Projects/AimTrainer/Content/Sounds/Impacts/wav/sw_Impt_AK_Flesh_10.ubulk" 683
"D:/_Projects/AimTrainer/Content/Sounds/Impacts/wav/sw_Impt_AK_Flesh_10.uasset" 684
"D:/_Projects/AimTrainer/Content/Sounds/Impacts/wav/sw_Impt_AK_Flesh_10.uexp" 685
"D:/_Projects/AimTrainer/Content/Sounds/Impacts/wav/sw_Impt_AK_Flesh_07.ubulk" 686
"D:/_Projects/AimTrainer/Content/Sounds/Impacts/wav/sw_Impt_AK_Flesh_07.uasset" 687
"D:/_Projects/AimTrainer/Content/Sounds/Impacts/wav/sw_Impt_AK_Flesh_07.uexp" 688
"D:/_Projects/AimTrainer/Content/Sounds/Impacts/wav/sw_Impt_AK_Flesh_06.ubulk" 689
"D:/_Projects/AimTrainer/Content/Sounds/Impacts/wav/sw_Impt_AK_Flesh_06.uasset" 690
"D:/_Projects/AimTrainer/Content/Sounds/Impacts/wav/sw_Impt_AK_Flesh_06.uexp" 691
"D:/_Projects/AimTrainer/Content/Sounds/UI/wav/sw_UI_Open.ubulk" 692
"D:/_Projects/AimTrainer/Content/Sounds/UI/wav/sw_UI_Open.uasset" 693
"D:/_Projects/AimTrainer/Content/Sounds/UI/wav/sw_UI_Open.uexp" 694
"D:/_Projects/AimTrainer/Content/Sounds/SC_Master.uasset" 695
"D:/_Projects/AimTrainer/Content/Sounds/SC_Master.uexp" 696
"D:/_Projects/AimTrainer/Content/Sounds/UI/SCue_UI_Open.uasset" 697
"D:/_Projects/AimTrainer/Content/Sounds/UI/SCue_UI_Open.uexp" 698
"D:/_Projects/AimTrainer/Content/Sounds/UI/wav/sw_UI_Message_Tx.ubulk" 699
"D:/_Projects/AimTrainer/Content/Sounds/UI/wav/sw_UI_Message_Tx.uasset" 700
"D:/_Projects/AimTrainer/Content/Sounds/UI/wav/sw_UI_Message_Tx.uexp" 701
"D:/_Projects/AimTrainer/Content/Sounds/UI/SCue_UI_Message_Tx.uasset" 702
"D:/_Projects/AimTrainer/Content/Sounds/UI/SCue_UI_Message_Tx.uexp" 703
"D:/_Projects/AimTrainer/Content/Sounds/UI/wav/sw_UI_Message_Rx.ubulk" 704
"D:/_Projects/AimTrainer/Content/Sounds/UI/wav/sw_UI_Message_Rx.uasset" 705
"D:/_Projects/AimTrainer/Content/Sounds/UI/wav/sw_UI_Message_Rx.uexp" 706
"D:/_Projects/AimTrainer/Content/Sounds/UI/SCue_UI_Message_Rx.uasset" 707
"D:/_Projects/AimTrainer/Content/Sounds/UI/SCue_UI_Message_Rx.uexp" 708
"D:/_Projects/AimTrainer/Content/Sounds/UI/wav/sw_UI_Back.ubulk" 709
"D:/_Projects/AimTrainer/Content/Sounds/UI/wav/sw_UI_Back.uasset" 710
"D:/_Projects/AimTrainer/Content/Sounds/UI/wav/sw_UI_Back.uexp" 711
"D:/_Projects/AimTrainer/Content/Sounds/UI/SCue_UI_Back.uasset" 712
"D:/_Projects/AimTrainer/Content/Sounds/UI/SCue_UI_Back.uexp" 713
"D:/_Projects/AimTrainer/Content/Sounds/UI/wav/sw_UI_GameStart.ubulk" 714
"D:/_Projects/AimTrainer/Content/Sounds/UI/wav/sw_UI_GameStart.uasset" 715
"D:/_Projects/AimTrainer/Content/Sounds/UI/wav/sw_UI_GameStart.uexp" 716
"D:/_Projects/AimTrainer/Content/Sounds/UI/SCue_GameStart.uasset" 717
"D:/_Projects/AimTrainer/Content/Sounds/UI/SCue_GameStart.uexp" 718
"D:/_Projects/AimTrainer/Content/Sounds/UI/wav/sw_UI_GameExit.ubulk" 719
"D:/_Projects/AimTrainer/Content/Sounds/UI/wav/sw_UI_GameExit.uasset" 720
"D:/_Projects/AimTrainer/Content/Sounds/UI/wav/sw_UI_GameExit.uexp" 721
"D:/_Projects/AimTrainer/Content/Sounds/UI/SCue_GameExit.uasset" 722
"D:/_Projects/AimTrainer/Content/Sounds/UI/SCue_GameExit.uexp" 723
"D:/_Projects/AimTrainer/Content/Sounds/Impacts/wav/sw_Impt_AK_Flesh_04.ubulk" 724
"D:/_Projects/AimTrainer/Content/Sounds/Impacts/wav/sw_Impt_AK_Flesh_04.uasset" 725
"D:/_Projects/AimTrainer/Content/Sounds/Impacts/wav/sw_Impt_AK_Flesh_04.uexp" 726
"D:/_Projects/AimTrainer/Content/Sounds/Impacts/wav/sw_Impt_AK_Flesh_03.ubulk" 727
"D:/_Projects/AimTrainer/Content/Sounds/Impacts/wav/sw_Impt_AK_Flesh_03.uasset" 728
"D:/_Projects/AimTrainer/Content/Sounds/Impacts/wav/sw_Impt_AK_Flesh_03.uexp" 729
"D:/_Projects/AimTrainer/Content/UI/Images/close.ubulk" 730
"D:/_Projects/AimTrainer/Content/UI/Images/close.uasset" 731
"D:/_Projects/AimTrainer/Content/UI/Images/close.uexp" 732
"D:/_Projects/AimTrainer/Content/Weapons/Pistol/Textures/T_Pistol_N.ubulk" 733
"D:/_Projects/AimTrainer/Content/Weapons/Pistol/Textures/T_Pistol_N.uasset" 734
"D:/_Projects/AimTrainer/Content/Weapons/Pistol/Textures/T_Pistol_N.uexp" 735
"D:/_Projects/AimTrainer/Content/Weapons/Generic/Textures/T_Weapon_AORM.uasset" 736
"D:/_Projects/AimTrainer/Content/Weapons/Generic/Textures/T_Weapon_AORM.uexp" 737
"D:/_Projects/AimTrainer/Content/Weapons/Generic/Textures/T_Weapon_D.uasset" 738
"D:/_Projects/AimTrainer/Content/Weapons/Generic/Textures/T_Weapon_D.uexp" 739
"D:/_Projects/AimTrainer/Content/Weapons/Generic/Textures/T_Weapon_Mask.uasset" 740
"D:/_Projects/AimTrainer/Content/Weapons/Generic/Textures/T_Weapon_Mask.uexp" 741
"D:/_Projects/AimTrainer/Content/Weapons/Generic/Textures/T_Weapon_N.uasset" 742
"D:/_Projects/AimTrainer/Content/Weapons/Generic/Textures/T_Weapon_N.uexp" 743
"D:/_Projects/AimTrainer/Content/Weapons/Generic/Materials/M_Weapon.uasset" 744
"D:/_Projects/AimTrainer/Content/Weapons/Generic/Materials/M_Weapon.uexp" 745
"D:/_Projects/AimTrainer/Content/Weapons/Pistol/Textures/T_Pistol_AORM.ubulk" 746
"D:/_Projects/AimTrainer/Content/Weapons/Pistol/Textures/T_Pistol_AORM.uasset" 747
"D:/_Projects/AimTrainer/Content/Weapons/Pistol/Textures/T_Pistol_AORM.uexp" 748
"D:/_Projects/AimTrainer/Content/Weapons/Pistol/Textures/T_Pistol_D.ubulk" 749
"D:/_Projects/AimTrainer/Content/Weapons/Pistol/Textures/T_Pistol_D.uasset" 750
"D:/_Projects/AimTrainer/Content/Weapons/Pistol/Textures/T_Pistol_D.uexp" 751
"D:/_Projects/AimTrainer/Content/Weapons/Pistol/Textures/T_Pistol_Masks.ubulk" 752
"D:/_Projects/AimTrainer/Content/Weapons/Pistol/Textures/T_Pistol_Masks.uasset" 753
"D:/_Projects/AimTrainer/Content/Weapons/Pistol/Textures/T_Pistol_Masks.uexp" 754
"D:/_Projects/AimTrainer/Content/Weapons/Pistol/Materials/MI_Weapon_Pistol.uasset" 755
"D:/_Projects/AimTrainer/Content/Weapons/Pistol/Materials/MI_Weapon_Pistol.uexp" 756
"D:/_Projects/AimTrainer/Content/Weapons/Pistol/Mesh/SM_Pistol.ubulk" 757
"D:/_Projects/AimTrainer/Content/Weapons/Pistol/Mesh/SM_Pistol.uasset" 758
"D:/_Projects/AimTrainer/Content/Weapons/Pistol/Mesh/SM_Pistol.uexp" 759
"D:/_Projects/AimTrainer/Content/Weapons/Pistol/Mesh/SK_Pistol_PhysicsAsset.uasset" 760
"D:/_Projects/AimTrainer/Content/Weapons/Pistol/Mesh/SK_Pistol_PhysicsAsset.uexp" 761
"D:/_Projects/AimTrainer/Content/Weapons/Pistol/Mesh/SK_Pistol_Skeleton.uasset" 762
"D:/_Projects/AimTrainer/Content/Weapons/Pistol/Mesh/SK_Pistol_Skeleton.uexp" 763
"D:/_Projects/AimTrainer/Content/Weapons/Pistol/Mesh/SK_Pistol.uasset" 764
"D:/_Projects/AimTrainer/Content/Weapons/Pistol/Mesh/SK_Pistol.uexp" 765
"D:/_Projects/AimTrainer/Content/Weapons/Rifle/Textures/T_Rifle_Masks.ubulk" 766
"D:/_Projects/AimTrainer/Content/Weapons/Rifle/Textures/T_Rifle_Masks.uasset" 767
"D:/_Projects/AimTrainer/Content/Weapons/Rifle/Textures/T_Rifle_Masks.uexp" 768
"D:/_Projects/AimTrainer/Content/Weapons/Rifle/Textures/T_Rifle_Combined_N.ubulk" 769
"D:/_Projects/AimTrainer/Content/Weapons/Rifle/Textures/T_Rifle_Combined_N.uasset" 770
"D:/_Projects/AimTrainer/Content/Weapons/Rifle/Textures/T_Rifle_Combined_N.uexp" 771
"D:/_Projects/AimTrainer/Content/Weapons/Rifle/Textures/T_Rifle_AORM.ubulk" 772
"D:/_Projects/AimTrainer/Content/Weapons/Rifle/Textures/T_Rifle_AORM.uasset" 773
"D:/_Projects/AimTrainer/Content/Weapons/Rifle/Textures/T_Rifle_AORM.uexp" 774
"D:/_Projects/AimTrainer/Content/Weapons/Rifle/Textures/T_Rifle_D.ubulk" 775
"D:/_Projects/AimTrainer/Content/Weapons/Rifle/Textures/T_Rifle_D.uasset" 776
"D:/_Projects/AimTrainer/Content/Weapons/Rifle/Textures/T_Rifle_D.uexp" 777
"D:/_Projects/AimTrainer/Content/Weapons/Rifle/Materials/MI_Weapon_Rifle.uasset" 778
"D:/_Projects/AimTrainer/Content/Weapons/Rifle/Materials/MI_Weapon_Rifle.uexp" 779
"D:/_Projects/AimTrainer/Content/Weapons/Rifle/Mesh/SM_Rifle.ubulk" 780
"D:/_Projects/AimTrainer/Content/Weapons/Rifle/Mesh/SM_Rifle.uasset" 781
"D:/_Projects/AimTrainer/Content/Weapons/Rifle/Mesh/SM_Rifle.uexp" 782
"../../../Engine/Content/Maps/Entry_BuiltData.uasset" 783
"../../../Engine/Content/Maps/Entry_BuiltData.uexp" 784
"../../../Engine/Content/Maps/Entry.uexp" 785
"../../../Engine/Content/Maps/Entry.umap" 786
"D:/_Projects/AimTrainer/Content/Materials/M_BaseMaterial.uasset" 787
"D:/_Projects/AimTrainer/Content/Materials/M_BaseMaterial.uexp" 788
"D:/_Projects/AimTrainer/Content/Materials/MI_White.uasset" 789
"D:/_Projects/AimTrainer/Content/Materials/MI_White.uexp" 790
"../../../Engine/Content/MapTemplates/SM_Template_Map_Floor.ubulk" 791
"../../../Engine/Content/MapTemplates/SM_Template_Map_Floor.uasset" 792
"../../../Engine/Content/MapTemplates/SM_Template_Map_Floor.uexp" 793
"D:/_Projects/AimTrainer/Content/Weapons/Rifle/Mesh/SK_Rifle_Skeleton.uasset" 794
"D:/_Projects/AimTrainer/Content/Weapons/Rifle/Mesh/SK_Rifle_Skeleton.uexp" 795
"D:/_Projects/AimTrainer/Content/Weapons/Rifle/Mesh/SK_Rifle_PhysicsAsset.uasset" 796
"D:/_Projects/AimTrainer/Content/Weapons/Rifle/Mesh/SK_Rifle_PhysicsAsset.uexp" 797
"D:/_Projects/AimTrainer/Content/Weapons/Rifle/Mesh/SK_Rifle.uasset" 798
"D:/_Projects/AimTrainer/Content/Weapons/Rifle/Mesh/SK_Rifle.uexp" 799
"D:/_Projects/AimTrainer/Content/Sounds/Impacts/wav/sw_Impt_AK_Flesh_09.ubulk" 800
"D:/_Projects/AimTrainer/Content/Sounds/Impacts/wav/sw_Impt_AK_Flesh_09.uasset" 801
"D:/_Projects/AimTrainer/Content/Sounds/Impacts/wav/sw_Impt_AK_Flesh_09.uexp" 802
"D:/_Projects/AimTrainer/Content/Sounds/Impacts/wav/sw_Impt_AK_Flesh_01.ubulk" 803
"D:/_Projects/AimTrainer/Content/Sounds/Impacts/wav/sw_Impt_AK_Flesh_01.uasset" 804
"D:/_Projects/AimTrainer/Content/Sounds/Impacts/wav/sw_Impt_AK_Flesh_01.uexp" 805
"D:/_Projects/AimTrainer/Content/Sounds/Impacts/wav/sw_Impt_AK_Flesh_08.ubulk" 806
"D:/_Projects/AimTrainer/Content/Sounds/Impacts/wav/sw_Impt_AK_Flesh_08.uasset" 807
"D:/_Projects/AimTrainer/Content/Sounds/Impacts/wav/sw_Impt_AK_Flesh_08.uexp" 808
"D:/_Projects/AimTrainer/Content/Sounds/Impacts/wav/sw_Impt_AK_Flesh_05.ubulk" 809
"D:/_Projects/AimTrainer/Content/Sounds/Impacts/wav/sw_Impt_AK_Flesh_05.uasset" 810
"D:/_Projects/AimTrainer/Content/Sounds/Impacts/wav/sw_Impt_AK_Flesh_05.uexp" 811
"D:/_Projects/AimTrainer/Content/Sounds/Impacts/wav/sw_Impt_AK_Flesh_02.ubulk" 812
"D:/_Projects/AimTrainer/Content/Sounds/Impacts/wav/sw_Impt_AK_Flesh_02.uasset" 813
"D:/_Projects/AimTrainer/Content/Sounds/Impacts/wav/sw_Impt_AK_Flesh_02.uexp" 814
"D:/_Projects/AimTrainer/Content/Sounds/SCue_PistolImpact.uasset" 815
"D:/_Projects/AimTrainer/Content/Sounds/SCue_PistolImpact.uexp" 816
"D:/_Projects/AimTrainer/Content/Sounds/Impacts/wav/sw_Impt_AK_Default_01.ubulk" 817
"D:/_Projects/AimTrainer/Content/Sounds/Impacts/wav/sw_Impt_AK_Default_01.uasset" 818
"D:/_Projects/AimTrainer/Content/Sounds/Impacts/wav/sw_Impt_AK_Default_01.uexp" 819
"D:/_Projects/AimTrainer/Content/Sounds/Impacts/wav/sw_Impt_AK_Default_04.ubulk" 820
"D:/_Projects/AimTrainer/Content/Sounds/Impacts/wav/sw_Impt_AK_Default_04.uasset" 821
"D:/_Projects/AimTrainer/Content/Sounds/Impacts/wav/sw_Impt_AK_Default_04.uexp" 822
"D:/_Projects/AimTrainer/Content/Sounds/Impacts/wav/sw_Impt_AK_Default_10.ubulk" 823
"D:/_Projects/AimTrainer/Content/Sounds/Impacts/wav/sw_Impt_AK_Default_10.uasset" 824
"D:/_Projects/AimTrainer/Content/Sounds/Impacts/wav/sw_Impt_AK_Default_10.uexp" 825
"D:/_Projects/AimTrainer/Content/Sounds/Impacts/wav/sw_Impt_AK_Default_11.ubulk" 826
"D:/_Projects/AimTrainer/Content/Sounds/Impacts/wav/sw_Impt_AK_Default_11.uasset" 827
"D:/_Projects/AimTrainer/Content/Sounds/Impacts/wav/sw_Impt_AK_Default_11.uexp" 828
"D:/_Projects/AimTrainer/Content/Sounds/Impacts/wav/sw_Impt_AK_Default_12.ubulk" 829
"D:/_Projects/AimTrainer/Content/Sounds/Impacts/wav/sw_Impt_AK_Default_12.uasset" 830
"D:/_Projects/AimTrainer/Content/Sounds/Impacts/wav/sw_Impt_AK_Default_12.uexp" 831
"D:/_Projects/AimTrainer/Content/Sounds/Impacts/wav/sw_Impt_AK_Default_13.ubulk" 832
"D:/_Projects/AimTrainer/Content/Sounds/Impacts/wav/sw_Impt_AK_Default_13.uasset" 833
"D:/_Projects/AimTrainer/Content/Sounds/Impacts/wav/sw_Impt_AK_Default_13.uexp" 834
"D:/_Projects/AimTrainer/Content/Sounds/Impacts/wav/sw_Impt_AK_Default_14.ubulk" 835
"D:/_Projects/AimTrainer/Content/Sounds/Impacts/wav/sw_Impt_AK_Default_14.uasset" 836
"D:/_Projects/AimTrainer/Content/Sounds/Impacts/wav/sw_Impt_AK_Default_14.uexp" 837
"D:/_Projects/AimTrainer/Content/Sounds/Impacts/wav/sw_Impt_AK_Default_15.ubulk" 838
"D:/_Projects/AimTrainer/Content/Sounds/Impacts/wav/sw_Impt_AK_Default_15.uasset" 839
"D:/_Projects/AimTrainer/Content/Sounds/Impacts/wav/sw_Impt_AK_Default_15.uexp" 840
"D:/_Projects/AimTrainer/Content/Sounds/Impacts/wav/sw_Impt_AK_Default_16.ubulk" 841
"D:/_Projects/AimTrainer/Content/Sounds/Impacts/wav/sw_Impt_AK_Default_16.uasset" 842
"D:/_Projects/AimTrainer/Content/Sounds/Impacts/wav/sw_Impt_AK_Default_16.uexp" 843
"D:/_Projects/AimTrainer/Content/Sounds/Impacts/wav/sw_Impt_AK_Default_02.ubulk" 844
"D:/_Projects/AimTrainer/Content/Sounds/Impacts/wav/sw_Impt_AK_Default_02.uasset" 845
"D:/_Projects/AimTrainer/Content/Sounds/Impacts/wav/sw_Impt_AK_Default_02.uexp" 846
"D:/_Projects/AimTrainer/Content/Sounds/Impacts/wav/sw_Impt_AK_Default_07.ubulk" 847
"D:/_Projects/AimTrainer/Content/Sounds/Impacts/wav/sw_Impt_AK_Default_07.uasset" 848
"D:/_Projects/AimTrainer/Content/Sounds/Impacts/wav/sw_Impt_AK_Default_07.uexp" 849
"D:/_Projects/AimTrainer/Content/Sounds/Impacts/wav/sw_Impt_AK_Default_03.ubulk" 850
"D:/_Projects/AimTrainer/Content/Sounds/Impacts/wav/sw_Impt_AK_Default_03.uasset" 851
"D:/_Projects/AimTrainer/Content/Sounds/Impacts/wav/sw_Impt_AK_Default_03.uexp" 852
"D:/_Projects/AimTrainer/Content/Sounds/Impacts/wav/sw_Impt_AK_Default_09.ubulk" 853
"D:/_Projects/AimTrainer/Content/Sounds/Impacts/wav/sw_Impt_AK_Default_09.uasset" 854
"D:/_Projects/AimTrainer/Content/Sounds/Impacts/wav/sw_Impt_AK_Default_09.uexp" 855
"D:/_Projects/AimTrainer/Content/Sounds/Impacts/wav/sw_Impt_AK_Default_05.ubulk" 856
"D:/_Projects/AimTrainer/Content/Sounds/Impacts/wav/sw_Impt_AK_Default_05.uasset" 857
"D:/_Projects/AimTrainer/Content/Sounds/Impacts/wav/sw_Impt_AK_Default_05.uexp" 858
"D:/_Projects/AimTrainer/Content/Sounds/Impacts/wav/sw_Impt_AK_Default_06.ubulk" 859
"D:/_Projects/AimTrainer/Content/Sounds/Impacts/wav/sw_Impt_AK_Default_06.uasset" 860
"D:/_Projects/AimTrainer/Content/Sounds/Impacts/wav/sw_Impt_AK_Default_06.uexp" 861
"D:/_Projects/AimTrainer/Content/Sounds/Impacts/wav/sw_Impt_AK_Default_08.ubulk" 862
"D:/_Projects/AimTrainer/Content/Sounds/Impacts/wav/sw_Impt_AK_Default_08.uasset" 863
"D:/_Projects/AimTrainer/Content/Sounds/Impacts/wav/sw_Impt_AK_Default_08.uexp" 864
"D:/_Projects/AimTrainer/Content/Sounds/SCue_MissedShot.uasset" 865
"D:/_Projects/AimTrainer/Content/Sounds/SCue_MissedShot.uexp" 866
"D:/_Projects/AimTrainer/Content/Weapons/BP_ATRifleWeapon.uasset" 867
"D:/_Projects/AimTrainer/Content/Weapons/BP_ATRifleWeapon.uexp" 868
"D:/_Projects/AimTrainer/Content/BP_SettingsSave.uasset" 869
"D:/_Projects/AimTrainer/Content/BP_SettingsSave.uexp" 870
"D:/_Projects/AimTrainer/Content/Enemy/Mesh/Cube.ubulk" 871
"D:/_Projects/AimTrainer/Content/Enemy/Mesh/Cube.uasset" 872
"D:/_Projects/AimTrainer/Content/Enemy/Mesh/Cube.uexp" 873
"D:/_Projects/AimTrainer/Content/Enemy/BP_ConeEnemy.uasset" 874
"D:/_Projects/AimTrainer/Content/Enemy/BP_ConeEnemy.uexp" 875
"D:/_Projects/AimTrainer/Content/Materials/MI_Red.uasset" 876
"D:/_Projects/AimTrainer/Content/Materials/MI_Red.uexp" 877
"D:/_Projects/AimTrainer/Content/Enemy/BP_CubeEnemy.uasset" 878
"D:/_Projects/AimTrainer/Content/Enemy/BP_CubeEnemy.uexp" 879
"D:/_Projects/AimTrainer/Content/UI/Images/TileFrenzy.uasset" 880
"D:/_Projects/AimTrainer/Content/UI/Images/TileFrenzy.uexp" 881
"D:/_Projects/AimTrainer/Content/UI/Images/Tracking.uasset" 882
"D:/_Projects/AimTrainer/Content/UI/Images/Tracking.uexp" 883
"D:/_Projects/AimTrainer/Content/Sounds/SoundMix_Master.uasset" 884
"D:/_Projects/AimTrainer/Content/Sounds/SoundMix_Master.uexp" 885
"D:/_Projects/AimTrainer/Content/BP_ATGameInstance.uasset" 886
"D:/_Projects/AimTrainer/Content/BP_ATGameInstance.uexp" 887
"D:/_Projects/AimTrainer/Content/Weapons/USP/SilencedUSP_Skeleton.uasset" 888
"D:/_Projects/AimTrainer/Content/Weapons/USP/SilencedUSP_Skeleton.uexp" 889
"D:/_Projects/AimTrainer/Content/Weapons/USP/USPMat.uasset" 890
"D:/_Projects/AimTrainer/Content/Weapons/USP/USPMat.uexp" 891
"D:/_Projects/AimTrainer/Content/Weapons/USP/SilencedUSP.uasset" 892
"D:/_Projects/AimTrainer/Content/Weapons/USP/SilencedUSP.uexp" 893
"../../../Engine/Plugins/Animation/ControlRig/Content/Controls/DefaultGizmoLibraryNormalized.uasset" 894
"../../../Engine/Plugins/Animation/ControlRig/Content/Controls/DefaultGizmoLibraryNormalized.uexp" 895
"D:/_Projects/AimTrainer/Content/Weapons/USP/SilencedUSP_CtrlRig.uasset" 896
"D:/_Projects/AimTrainer/Content/Weapons/USP/SilencedUSP_CtrlRig.uexp" 897
"../../../Engine/Content/EditorBlueprintResources/StandardMacros.uasset" 898
"../../../Engine/Content/EditorBlueprintResources/StandardMacros.uexp" 899
"D:/_Projects/AimTrainer/Content/Weapons/USP/ABP_USP.uasset" 900
"D:/_Projects/AimTrainer/Content/Weapons/USP/ABP_USP.uexp" 901
"D:/_Projects/AimTrainer/Content/Weapons/BP_ATPistolWeapon.uasset" 902
"D:/_Projects/AimTrainer/Content/Weapons/BP_ATPistolWeapon.uexp" 903
"D:/_Projects/AimTrainer/Content/Player/BP_ATPawn.uasset" 904
"D:/_Projects/AimTrainer/Content/Player/BP_ATPawn.uexp" 905
"D:/_Projects/AimTrainer/Content/UI/Fonts/Orbitron/Orbitron-Bold.uexp" 906
"D:/_Projects/AimTrainer/Content/UI/Fonts/Orbitron/Orbitron-Bold.uasset" 907
"D:/_Projects/AimTrainer/Content/UI/Fonts/Orbitron/Orbitron-Bold.ufont" 908
"D:/_Projects/AimTrainer/Content/UI/Fonts/Orbitron/Orbitron-Black.uexp" 909
"D:/_Projects/AimTrainer/Content/UI/Fonts/Orbitron/Orbitron-Black.uasset" 910
"D:/_Projects/AimTrainer/Content/UI/Fonts/Orbitron/Orbitron-Black.ufont" 911
"D:/_Projects/AimTrainer/Content/UI/Fonts/Orbitron/Orbitron-Medium.uexp" 912
"D:/_Projects/AimTrainer/Content/UI/Fonts/Orbitron/Orbitron-Medium.uasset" 913
"D:/_Projects/AimTrainer/Content/UI/Fonts/Orbitron/Orbitron-Medium.ufont" 914
"D:/_Projects/AimTrainer/Content/UI/Fonts/Orbitron.uasset" 915
"D:/_Projects/AimTrainer/Content/UI/Fonts/Orbitron.uexp" 916
"D:/_Projects/AimTrainer/Content/UI/Images/T_Crosshair_Dot.uasset" 917
"D:/_Projects/AimTrainer/Content/UI/Images/T_Crosshair_Dot.uexp" 918
"D:/_Projects/AimTrainer/Content/UI/WBP_PlayerHUDWidget.uasset" 919
"D:/_Projects/AimTrainer/Content/UI/WBP_PlayerHUDWidget.uexp" 920
"D:/_Projects/AimTrainer/Content/Sounds/UI/wav/sw_UI_Select.ubulk" 921
"D:/_Projects/AimTrainer/Content/Sounds/UI/wav/sw_UI_Select.uasset" 922
"D:/_Projects/AimTrainer/Content/Sounds/UI/wav/sw_UI_Select.uexp" 923
"D:/_Projects/AimTrainer/Content/Sounds/UI/SCue_UI_Select.uasset" 924
"D:/_Projects/AimTrainer/Content/Sounds/UI/SCue_UI_Select.uexp" 925
"D:/_Projects/AimTrainer/Content/Sounds/UI/wav/sw_UI_Toggle.ubulk" 926
"D:/_Projects/AimTrainer/Content/Sounds/UI/wav/sw_UI_Toggle.uasset" 927
"D:/_Projects/AimTrainer/Content/Sounds/UI/wav/sw_UI_Toggle.uexp" 928
"D:/_Projects/AimTrainer/Content/Sounds/UI/SCue_UI_Toggle.uasset" 929
"D:/_Projects/AimTrainer/Content/Sounds/UI/SCue_UI_Toggle.uexp" 930
"D:/_Projects/AimTrainer/Content/UI/Images/arrow.ubulk" 931
"D:/_Projects/AimTrainer/Content/UI/Images/arrow.uasset" 932
"D:/_Projects/AimTrainer/Content/UI/Images/arrow.uexp" 933
"D:/_Projects/AimTrainer/Content/UI/Settings/WBP_SettingsOption.uasset" 934
"D:/_Projects/AimTrainer/Content/UI/Settings/WBP_SettingsOption.uexp" 935
"D:/_Projects/AimTrainer/Content/UI/Settings/WBP_VideoSettings.uasset" 936
"D:/_Projects/AimTrainer/Content/UI/Settings/WBP_VideoSettings.uexp" 937
"D:/_Projects/AimTrainer/Content/UI/WBP_VideoSettingsWidget.uasset" 938
"D:/_Projects/AimTrainer/Content/UI/WBP_VideoSettingsWidget.uexp" 939
"D:/_Projects/AimTrainer/Content/Sounds/UI/wav/sw_UI_Hover.ubulk" 940
"D:/_Projects/AimTrainer/Content/Sounds/UI/wav/sw_UI_Hover.uasset" 941
"D:/_Projects/AimTrainer/Content/Sounds/UI/wav/sw_UI_Hover.uexp" 942
"D:/_Projects/AimTrainer/Content/Sounds/UI/SCue_UI_Hover.uasset" 943
"D:/_Projects/AimTrainer/Content/Sounds/UI/SCue_UI_Hover.uexp" 944
"D:/_Projects/AimTrainer/Content/Menu/UI/WBP_SettingsWidget.uasset" 945
"D:/_Projects/AimTrainer/Content/Menu/UI/WBP_SettingsWidget.uexp" 946
"D:/_Projects/AimTrainer/Content/UI/WBP_PauseMenu.uasset" 947
"D:/_Projects/AimTrainer/Content/UI/WBP_PauseMenu.uexp" 948
"D:/_Projects/AimTrainer/Content/UI/WBP_EndGameWidget.uasset" 949
"D:/_Projects/AimTrainer/Content/UI/WBP_EndGameWidget.uexp" 950
"D:/_Projects/AimTrainer/Content/UI/BP_ATHUD.uasset" 951
"D:/_Projects/AimTrainer/Content/UI/BP_ATHUD.uexp" 952
"D:/_Projects/AimTrainer/Content/BP_ATGameMode.uasset" 953
"D:/_Projects/AimTrainer/Content/BP_ATGameMode.uexp" 954
"D:/_Projects/AimTrainer/Content/Maps/Tracking.uexp" 955
"D:/_Projects/AimTrainer/Content/Maps/Tracking.umap" 956
"D:/_Projects/AimTrainer/Content/Maps/TileFrenzy_BuiltData.ubulk" 957
"D:/_Projects/AimTrainer/Content/Maps/TileFrenzy_BuiltData.uasset" 958
"D:/_Projects/AimTrainer/Content/Maps/TileFrenzy_BuiltData.uexp" 959
"D:/_Projects/AimTrainer/Content/Maps/TileFrenzy.uexp" 960
"D:/_Projects/AimTrainer/Content/Maps/TileFrenzy.umap" 961
"D:/_Projects/AimTrainer/Content/Menu/UI/WBP_LevelItem.uasset" 962
"D:/_Projects/AimTrainer/Content/Menu/UI/WBP_LevelItem.uexp" 963
"D:/_Projects/AimTrainer/Content/UI/Images/zxc2.uasset" 964
"D:/_Projects/AimTrainer/Content/UI/Images/zxc2.uexp" 965
"D:/_Projects/AimTrainer/Content/Menu/UI/WBP_ChoseLevel.uasset" 966
"D:/_Projects/AimTrainer/Content/Menu/UI/WBP_ChoseLevel.uexp" 967
"D:/_Projects/AimTrainer/Content/Menu/UI/WBP_MenuWidget.uasset" 968
"D:/_Projects/AimTrainer/Content/Menu/UI/WBP_MenuWidget.uexp" 969
"D:/_Projects/AimTrainer/Content/Menu/UI/BP_ATMenuHUD.uasset" 970
"D:/_Projects/AimTrainer/Content/Menu/UI/BP_ATMenuHUD.uexp" 971
"D:/_Projects/AimTrainer/Content/Menu/BP_ATMenuGameModeBase.uasset" 972
"D:/_Projects/AimTrainer/Content/Menu/BP_ATMenuGameModeBase.uexp" 973
"D:/_Projects/AimTrainer/Content/Menu/MenuLevel.uexp" 974
"D:/_Projects/AimTrainer/Content/Menu/MenuLevel.umap" 975
